2024-07-12 13:22:07 - INFO - Loaded control constants for 2_phase_do_trig_ph_feed_control: {'base_sp': 6.95, 'acid_sp': 8, 'feed_trigger_sp': 7.0, 'start_feed_trig_value': 50, 'start_trig_value': 30, 'feed_counter': 0, 'start_counter': 0, 'required_readings': 3, 'last_antifoam_edition': 0, 'antifoam_edition_rate': 1, 'start_feed': 'True', 'start_phase_1': 'True'}
2024-07-12 13:22:07 - INFO - Sending command: b'0pcu1\n'
2024-07-12 13:22:08 - INFO - Sending command: b'2pcu1\n'
2024-07-12 13:22:09 - INFO - Sending command: b'14pcu1\n'
2024-07-12 13:22:10 - INFO - Sending command: b'4pcu1\n'
2024-07-12 13:22:11 - INFO - Loaded control constants for 2_phase_do_trig_ph_feed_control: {'base_sp': 6.95, 'acid_sp': 8, 'feed_trigger_sp': 7.0, 'start_feed_trig_value': 50, 'start_trig_value': 30, 'feed_counter': 0, 'start_counter': 0, 'required_readings': 3, 'last_antifoam_edition': 0, 'antifoam_edition_rate': 1, 'start_feed': 'True', 'start_phase_1': 'True'}
2024-07-12 13:22:11 - INFO - test data: {'do': 100, 'ph': 7.7, 'temp': 35.936, 'feed_weight': 1512.3, 'lactose_weight': 1064.5, 'base_weight': 672.4, 'acid_weight': 672.4, 'time': 0, 'date': '2024-07-12', 'time_of_day': '13:22:11', 'type': 'data'}
2024-07-12 13:22:18 - INFO - added data to sheets
2024-07-12 13:22:21 - INFO - Loaded control constants for 2_phase_do_trig_ph_feed_control: {'base_sp': 6.95, 'acid_sp': 8, 'feed_trigger_sp': 7.0, 'start_feed_trig_value': 50, 'start_trig_value': 30, 'feed_counter': 0, 'start_counter': 0, 'required_readings': 3, 'last_antifoam_edition': 0, 'antifoam_edition_rate': 1, 'start_feed': 'True', 'start_phase_1': 'True'}
2024-07-12 13:22:21 - INFO - test data: {'do': 8, 'ph': 6.8, 'temp': 35.936, 'feed_weight': 1512.3, 'lactose_weight': 1064.5, 'base_weight': 672.4, 'acid_weight': 672.4, 'time': 0.002886351015832689, 'date': '2024-07-12', 'time_of_day': '13:22:21', 'type': 'data'}
2024-07-12 13:22:23 - INFO - added data to sheets
2024-07-12 13:22:26 - INFO - Loaded control constants for 2_phase_do_trig_ph_feed_control: {'base_sp': 6.95, 'acid_sp': 8, 'feed_trigger_sp': 7.0, 'start_feed_trig_value': 50, 'start_trig_value': 30, 'feed_counter': 0, 'start_counter': 0, 'required_readings': 3, 'last_antifoam_edition': 0, 'antifoam_edition_rate': 1, 'start_feed': 'True', 'start_phase_1': 'True'}
2024-07-12 13:22:26 - INFO - test data: {'do': 70, 'ph': 6.9, 'temp': 35.936, 'feed_weight': 1512.3, 'lactose_weight': 1064.5, 'base_weight': 672.4, 'acid_weight': 672.4, 'time': 0.004303343362278408, 'date': '2024-07-12', 'time_of_day': '13:22:26', 'type': 'data'}
2024-07-12 13:22:28 - INFO - added data to sheets
2024-07-12 13:22:31 - INFO - Loaded control constants for 2_phase_do_trig_ph_feed_control: {'base_sp': 6.95, 'acid_sp': 8, 'feed_trigger_sp': 7.0, 'start_feed_trig_value': 50, 'start_trig_value': 30, 'feed_counter': 0, 'start_counter': 0, 'required_readings': 3, 'last_antifoam_edition': 0, 'antifoam_edition_rate': 1, 'start_feed': 'True', 'start_phase_1': 'True'}
2024-07-12 13:22:31 - INFO - test data: {'do': 70, 'ph': 7.0, 'temp': 35.936, 'feed_weight': 1512.3, 'lactose_weight': 1064.5, 'base_weight': 672.4, 'acid_weight': 672.4, 'time': 0.005768559906217787, 'date': '2024-07-12', 'time_of_day': '13:22:31', 'type': 'data'}
2024-07-12 13:22:33 - INFO - added data to sheets
2024-07-12 13:22:36 - INFO - Loaded control constants for 2_phase_do_trig_ph_feed_control: {'base_sp': 6.95, 'acid_sp': 8, 'feed_trigger_sp': 7.0, 'start_feed_trig_value': 50, 'start_trig_value': 30, 'feed_counter': 0, 'start_counter': 0, 'required_readings': 3, 'last_antifoam_edition': 0, 'antifoam_edition_rate': 1, 'start_feed': 'True', 'start_phase_1': 'True'}
2024-07-12 13:22:36 - INFO - test data: {'do': 100.0, 'ph': 7.02, 'temp': 35.936, 'feed_weight': 1512.3, 'lactose_weight': 1064.5, 'base_weight': 672.4, 'acid_weight': 672.4, 'time': 0.007175145149230957, 'date': '2024-07-12', 'time_of_day': '13:22:36', 'type': 'data'}
2024-07-12 13:22:39 - INFO - added data to sheets
2024-07-12 13:22:42 - INFO - Loaded control constants for 2_phase_do_trig_ph_feed_control: {'base_sp': 6.95, 'acid_sp': 8, 'feed_trigger_sp': 7.0, 'start_feed_trig_value': 50, 'start_trig_value': 30, 'feed_counter': 0, 'start_counter': 0, 'required_readings': 3, 'last_antifoam_edition': 0, 'antifoam_edition_rate': 1, 'start_feed': 'True', 'start_phase_1': 'True'}
2024-07-12 13:22:42 - INFO - test data: {'do': 70, 'ph': 7.1, 'temp': 35.936, 'feed_weight': 1512.3, 'lactose_weight': 1064.5, 'base_weight': 672.4, 'acid_weight': 672.4, 'time': 0.008604014979468451, 'date': '2024-07-12', 'time_of_day': '13:22:42', 'type': 'data'}
2024-07-12 13:22:44 - INFO - added data to sheets
2024-07-12 13:22:47 - INFO - Loaded control constants for 2_phase_do_trig_ph_feed_control: {'base_sp': 6.95, 'acid_sp': 8, 'feed_trigger_sp': 7.0, 'start_feed_trig_value': 50, 'start_trig_value': 30, 'feed_counter': 0, 'start_counter': 0, 'required_readings': 3, 'last_antifoam_edition': 0, 'antifoam_edition_rate': 1, 'start_feed': 'True', 'start_phase_1': 'True'}
2024-07-12 13:22:47 - INFO - test data: {'do': 70, 'ph': 7.15, 'temp': 35.936, 'feed_weight': 1512.3, 'lactose_weight': 1064.5, 'base_weight': 672.4, 'acid_weight': 672.4, 'time': 0.010001920925246344, 'date': '2024-07-12', 'time_of_day': '13:22:47', 'type': 'data'}
2024-07-12 13:22:49 - INFO - added data to sheets
2024-07-12 13:22:52 - INFO - Loaded control constants for 2_phase_do_trig_ph_feed_control: {'base_sp': 6.95, 'acid_sp': 8, 'feed_trigger_sp': 7.0, 'start_feed_trig_value': 50, 'start_trig_value': 30, 'feed_counter': 0, 'start_counter': 0, 'required_readings': 3, 'last_antifoam_edition': 0, 'antifoam_edition_rate': 1, 'start_feed': 'True', 'start_phase_1': 'True'}
2024-07-12 13:22:52 - INFO - test data: {'do': 80.5, 'ph': 7.2, 'temp': 35.936, 'feed_weight': 1512.3, 'lactose_weight': 1064.5, 'base_weight': 672.4, 'acid_weight': 672.4, 'time': 0.011420978506406148, 'date': '2024-07-12', 'time_of_day': '13:22:52', 'type': 'data'}
2024-07-12 13:22:54 - INFO - added data to sheets
2024-07-12 13:22:57 - INFO - Loaded control constants for 2_phase_do_trig_ph_feed_control: {'base_sp': 6.95, 'acid_sp': 8, 'feed_trigger_sp': 7.0, 'start_feed_trig_value': 50, 'start_trig_value': 30, 'feed_counter': 0, 'start_counter': 0, 'required_readings': 3, 'last_antifoam_edition': 0, 'antifoam_edition_rate': 1, 'start_feed': 'True', 'start_phase_1': 'True'}
2024-07-12 13:22:57 - INFO - test data: {'do': 7, 'ph': 7.25, 'temp': 35.936, 'feed_weight': 1512.3, 'lactose_weight': 1064.5, 'base_weight': 672.4, 'acid_weight': 672.4, 'time': 0.012813857793807983, 'date': '2024-07-12', 'time_of_day': '13:22:57', 'type': 'data'}
2024-07-12 13:22:59 - INFO - added data to sheets
2024-07-12 13:23:02 - INFO - Loaded control constants for 2_phase_do_trig_ph_feed_control: {'base_sp': 6.95, 'acid_sp': 8, 'feed_trigger_sp': 7.0, 'start_feed_trig_value': 50, 'start_trig_value': 30, 'feed_counter': 0, 'start_counter': 0, 'required_readings': 3, 'last_antifoam_edition': 0, 'antifoam_edition_rate': 1, 'start_feed': 'True', 'start_phase_1': 'True'}
2024-07-12 13:23:02 - INFO - test data: {'do': 7, 'ph': 7.3, 'temp': 35.936, 'feed_weight': 1512.3, 'lactose_weight': 1064.5, 'base_weight': 672.4, 'acid_weight': 672.4, 'time': 0.014200090765953063, 'date': '2024-07-12', 'time_of_day': '13:23:02', 'type': 'data'}
2024-07-12 13:23:04 - INFO - added data to sheets
2024-07-12 13:23:07 - INFO - Loaded control constants for 2_phase_do_trig_ph_feed_control: {'base_sp': 6.95, 'acid_sp': 8, 'feed_trigger_sp': 7.0, 'start_feed_trig_value': 50, 'start_trig_value': 30, 'feed_counter': 0, 'start_counter': 0, 'required_readings': 3, 'last_antifoam_edition': 0, 'antifoam_edition_rate': 1, 'start_feed': 'True', 'start_phase_1': 'True'}
2024-07-12 13:23:07 - INFO - test data: {'do': 8.0, 'ph': 7.3, 'temp': 35.936, 'feed_weight': 1512.3, 'lactose_weight': 1064.5, 'base_weight': 672.4, 'acid_weight': 672.4, 'time': 0.015577784180641175, 'date': '2024-07-12', 'time_of_day': '13:23:07', 'type': 'data'}
2024-07-12 13:23:09 - INFO - added data to sheets
2024-07-12 13:23:12 - INFO - Loaded control constants for 2_phase_do_trig_ph_feed_control: {'base_sp': 6.95, 'acid_sp': 8, 'feed_trigger_sp': 7.0, 'start_feed_trig_value': 50, 'start_trig_value': 30, 'feed_counter': 0, 'start_counter': 0, 'required_readings': 3, 'last_antifoam_edition': 0, 'antifoam_edition_rate': 1, 'start_feed': 'True', 'start_phase_1': 'True'}
2024-07-12 13:23:12 - INFO - test data: {'do': 8.5, 'ph': 7.25, 'temp': 35.936, 'feed_weight': 1512.3, 'lactose_weight': 1064.5, 'base_weight': 672.4, 'acid_weight': 672.4, 'time': 0.01699576344754961, 'date': '2024-07-12', 'time_of_day': '13:23:12', 'type': 'data'}
2024-07-12 13:23:14 - INFO - added data to sheets
2024-07-12 13:23:17 - INFO - Loaded control constants for 2_phase_do_trig_ph_feed_control: {'base_sp': 6.95, 'acid_sp': 8, 'feed_trigger_sp': 7.0, 'start_feed_trig_value': 50, 'start_trig_value': 30, 'feed_counter': 0, 'start_counter': 0, 'required_readings': 3, 'last_antifoam_edition': 0, 'antifoam_edition_rate': 1, 'start_feed': 'True', 'start_phase_1': 'True'}
2024-07-12 13:23:17 - INFO - test data: {'do': 70, 'ph': 7.2, 'temp': 35.936, 'feed_weight': 1512.3, 'lactose_weight': 1064.5, 'base_weight': 672.4, 'acid_weight': 672.4, 'time': 0.01837543878290388, 'date': '2024-07-12', 'time_of_day': '13:23:17', 'type': 'data'}
2024-07-12 13:23:19 - INFO - added data to sheets
2024-07-12 13:23:22 - INFO - Loaded control constants for 2_phase_do_trig_ph_feed_control: {'base_sp': 6.95, 'acid_sp': 8, 'feed_trigger_sp': 7.0, 'start_feed_trig_value': 50, 'start_trig_value': 30, 'feed_counter': 0, 'start_counter': 0, 'required_readings': 3, 'last_antifoam_edition': 0, 'antifoam_edition_rate': 1, 'start_feed': 'True', 'start_phase_1': 'True'}
2024-07-12 13:23:22 - INFO - test data: {'do': 70, 'ph': 6.1, 'temp': 35.936, 'feed_weight': 1512.3, 'lactose_weight': 1064.5, 'base_weight': 672.4, 'acid_weight': 672.4, 'time': 0.019777023990948994, 'date': '2024-07-12', 'time_of_day': '13:23:22', 'type': 'data'}
2024-07-12 13:23:24 - INFO - added data to sheets
2024-07-12 13:23:27 - INFO - Loaded control constants for 2_phase_do_trig_ph_feed_control: {'base_sp': 6.95, 'acid_sp': 8, 'feed_trigger_sp': 7.0, 'start_feed_trig_value': 50, 'start_trig_value': 30, 'feed_counter': 0, 'start_counter': 0, 'required_readings': 3, 'last_antifoam_edition': 0, 'antifoam_edition_rate': 1, 'start_feed': 'True', 'start_phase_1': 'True'}
2024-07-12 13:23:27 - INFO - test data: {'do': 70, 'ph': 6.03, 'temp': 35.936, 'feed_weight': 1512.3, 'lactose_weight': 1064.5, 'base_weight': 672.4, 'acid_weight': 672.4, 'time': 0.021140787071651884, 'date': '2024-07-12', 'time_of_day': '13:23:27', 'type': 'data'}
2024-07-12 13:23:29 - INFO - added data to sheets
2024-07-12 13:23:32 - INFO - Loaded control constants for 2_phase_do_trig_ph_feed_control: {'base_sp': 6.95, 'acid_sp': 8, 'feed_trigger_sp': 7.0, 'start_feed_trig_value': 50, 'start_trig_value': 30, 'feed_counter': 0, 'start_counter': 0, 'required_readings': 3, 'last_antifoam_edition': 0, 'antifoam_edition_rate': 1, 'start_feed': 'True', 'start_phase_1': 'True'}
2024-07-12 13:23:32 - INFO - test data: {'do': 10.5, 'ph': 6.03, 'temp': 35.936, 'feed_weight': 1512.3, 'lactose_weight': 1064.5, 'base_weight': 672.4, 'acid_weight': 672.4, 'time': 0.022537888884544374, 'date': '2024-07-12', 'time_of_day': '13:23:32', 'type': 'data'}
2024-07-12 13:23:34 - INFO - added data to sheets
2024-07-12 13:23:37 - INFO - Loaded control constants for 2_phase_do_trig_ph_feed_control: {'base_sp': 6.95, 'acid_sp': 8, 'feed_trigger_sp': 7.0, 'start_feed_trig_value': 50, 'start_trig_value': 30, 'feed_counter': 0, 'start_counter': 0, 'required_readings': 3, 'last_antifoam_edition': 0, 'antifoam_edition_rate': 1, 'start_feed': 'True', 'start_phase_1': 'True'}
2024-07-12 13:23:37 - INFO - test data: {'do': 11.0, 'ph': 6.03, 'temp': 35.936, 'feed_weight': 1512.3, 'lactose_weight': 1064.5, 'base_weight': 672.4, 'acid_weight': 672.4, 'time': 0.023959391713142396, 'date': '2024-07-12', 'time_of_day': '13:23:37', 'type': 'data'}
2024-07-12 13:23:39 - INFO - added data to sheets
2024-07-12 13:23:42 - INFO - Loaded control constants for 2_phase_do_trig_ph_feed_control: {'base_sp': 6.95, 'acid_sp': 8, 'feed_trigger_sp': 7.0, 'start_feed_trig_value': 50, 'start_trig_value': 30, 'feed_counter': 0, 'start_counter': 0, 'required_readings': 3, 'last_antifoam_edition': 0, 'antifoam_edition_rate': 1, 'start_feed': 'True', 'start_phase_1': 'True'}
2024-07-12 13:23:42 - INFO - test data: {'do': 11.5, 'ph': 7.03, 'temp': 35.936, 'feed_weight': 1512.3, 'lactose_weight': 1064.5, 'base_weight': 672.4, 'acid_weight': 672.4, 'time': 0.025361296865675183, 'date': '2024-07-12', 'time_of_day': '13:23:42', 'type': 'data'}
2024-07-12 13:23:44 - INFO - added data to sheets
2024-07-12 13:23:47 - INFO - Loaded control constants for 2_phase_do_trig_ph_feed_control: {'base_sp': 6.95, 'acid_sp': 8, 'feed_trigger_sp': 7.0, 'start_feed_trig_value': 50, 'start_trig_value': 30, 'feed_counter': 0, 'start_counter': 0, 'required_readings': 3, 'last_antifoam_edition': 0, 'antifoam_edition_rate': 1, 'start_feed': 'True', 'start_phase_1': 'True'}
2024-07-12 13:23:47 - INFO - test data: {'do': 12.0, 'ph': 6.03, 'temp': 35.936, 'feed_weight': 1512.3, 'lactose_weight': 1064.5, 'base_weight': 672.4, 'acid_weight': 672.4, 'time': 0.026741489039527045, 'date': '2024-07-12', 'time_of_day': '13:23:47', 'type': 'data'}
2024-07-12 13:23:49 - INFO - added data to sheets
2024-07-12 13:23:52 - INFO - Loaded control constants for 2_phase_do_trig_ph_feed_control: {'base_sp': 6.95, 'acid_sp': 8, 'feed_trigger_sp': 7.0, 'start_feed_trig_value': 50, 'start_trig_value': 30, 'feed_counter': 0, 'start_counter': 0, 'required_readings': 3, 'last_antifoam_edition': 0, 'antifoam_edition_rate': 1, 'start_feed': 'True', 'start_phase_1': 'True'}
2024-07-12 13:23:52 - INFO - test data: {'do': 12.5, 'ph': 7.03, 'temp': 35.936, 'feed_weight': 1512.3, 'lactose_weight': 1064.5, 'base_weight': 672.4, 'acid_weight': 672.4, 'time': 0.028153957260979547, 'date': '2024-07-12', 'time_of_day': '13:23:52', 'type': 'data'}
2024-07-12 13:23:54 - INFO - added data to sheets
2024-07-12 13:23:57 - INFO - Loaded control constants for 2_phase_do_trig_ph_feed_control: {'base_sp': 6.95, 'acid_sp': 8, 'feed_trigger_sp': 7.0, 'start_feed_trig_value': 50, 'start_trig_value': 30, 'feed_counter': 0, 'start_counter': 0, 'required_readings': 3, 'last_antifoam_edition': 0, 'antifoam_edition_rate': 1, 'start_feed': 'True', 'start_phase_1': 'True'}
2024-07-12 13:23:57 - INFO - test data: {'do': 13.0, 'ph': 6.03, 'temp': 35.936, 'feed_weight': 1512.3, 'lactose_weight': 1064.5, 'base_weight': 672.4, 'acid_weight': 672.4, 'time': 0.029547055694792004, 'date': '2024-07-12', 'time_of_day': '13:23:57', 'type': 'data'}
2024-07-12 13:23:59 - INFO - added data to sheets
2024-07-12 13:24:02 - INFO - Loaded control constants for 2_phase_do_trig_ph_feed_control: {'base_sp': 6.95, 'acid_sp': 8, 'feed_trigger_sp': 7.0, 'start_feed_trig_value': 50, 'start_trig_value': 30, 'feed_counter': 0, 'start_counter': 0, 'required_readings': 3, 'last_antifoam_edition': 0, 'antifoam_edition_rate': 1, 'start_feed': 'True', 'start_phase_1': 'True'}
2024-07-12 13:24:02 - INFO - test data: {'do': 13.5, 'ph': 7.0, 'temp': 35.936, 'feed_weight': 1512.3, 'lactose_weight': 1064.5, 'base_weight': 672.4, 'acid_weight': 672.4, 'time': 0.03098726060655382, 'date': '2024-07-12', 'time_of_day': '13:24:02', 'type': 'data'}
2024-07-12 13:24:04 - INFO - added data to sheets
2024-07-12 13:24:07 - INFO - Loaded control constants for 2_phase_do_trig_ph_feed_control: {'base_sp': 6.95, 'acid_sp': 8, 'feed_trigger_sp': 7.0, 'start_feed_trig_value': 50, 'start_trig_value': 30, 'feed_counter': 0, 'start_counter': 0, 'required_readings': 3, 'last_antifoam_edition': 0, 'antifoam_edition_rate': 1, 'start_feed': 'True', 'start_phase_1': 'True'}
2024-07-12 13:24:07 - INFO - test data: {'do': 14.0, 'ph': 7.0, 'temp': 35.936, 'feed_weight': 1512.3, 'lactose_weight': 1064.5, 'base_weight': 672.4, 'acid_weight': 672.4, 'time': 0.03238177392217848, 'date': '2024-07-12', 'time_of_day': '13:24:07', 'type': 'data'}
2024-07-12 13:24:09 - INFO - added data to sheets
2024-07-12 13:24:12 - INFO - Loaded control constants for 2_phase_do_trig_ph_feed_control: {'base_sp': 6.95, 'acid_sp': 8, 'feed_trigger_sp': 7.0, 'start_feed_trig_value': 50, 'start_trig_value': 30, 'feed_counter': 0, 'start_counter': 0, 'required_readings': 3, 'last_antifoam_edition': 0, 'antifoam_edition_rate': 1, 'start_feed': 'True', 'start_phase_1': 'True'}
2024-07-12 13:24:12 - INFO - test data: {'do': 14.5, 'ph': 7.03, 'temp': 35.936, 'feed_weight': 1512.3, 'lactose_weight': 1064.5, 'base_weight': 672.4, 'acid_weight': 672.4, 'time': 0.03378107998106215, 'date': '2024-07-12', 'time_of_day': '13:24:12', 'type': 'data'}
2024-07-12 13:24:14 - INFO - added data to sheets
2024-07-12 13:24:17 - INFO - Loaded control constants for 2_phase_do_trig_ph_feed_control: {'base_sp': 6.95, 'acid_sp': 8, 'feed_trigger_sp': 7.0, 'start_feed_trig_value': 50, 'start_trig_value': 30, 'feed_counter': 0, 'start_counter': 0, 'required_readings': 3, 'last_antifoam_edition': 0, 'antifoam_edition_rate': 1, 'start_feed': 'True', 'start_phase_1': 'True'}
2024-07-12 13:24:17 - INFO - test data: {'do': 15.0, 'ph': 7.03, 'temp': 35.936, 'feed_weight': 1512.3, 'lactose_weight': 1064.5, 'base_weight': 672.4, 'acid_weight': 672.4, 'time': 0.03523481872346666, 'date': '2024-07-12', 'time_of_day': '13:24:17', 'type': 'data'}
2024-07-12 13:24:19 - INFO - added data to sheets
2024-07-12 13:24:22 - INFO - Loaded control constants for 2_phase_do_trig_ph_feed_control: {'base_sp': 6.95, 'acid_sp': 8, 'feed_trigger_sp': 7.0, 'start_feed_trig_value': 50, 'start_trig_value': 30, 'feed_counter': 0, 'start_counter': 0, 'required_readings': 3, 'last_antifoam_edition': 0, 'antifoam_edition_rate': 1, 'start_feed': 'True', 'start_phase_1': 'True'}
2024-07-12 13:24:22 - INFO - test data: {'do': 15.5, 'ph': 7.03, 'temp': 35.936, 'feed_weight': 1512.3, 'lactose_weight': 1064.5, 'base_weight': 672.4, 'acid_weight': 672.4, 'time': 0.03663536098268297, 'date': '2024-07-12', 'time_of_day': '13:24:22', 'type': 'data'}
2024-07-12 13:24:24 - INFO - added data to sheets
2024-07-12 13:24:27 - INFO - Loaded control constants for 2_phase_do_trig_ph_feed_control: {'base_sp': 6.95, 'acid_sp': 8, 'feed_trigger_sp': 7.0, 'start_feed_trig_value': 50, 'start_trig_value': 30, 'feed_counter': 0, 'start_counter': 0, 'required_readings': 3, 'last_antifoam_edition': 0, 'antifoam_edition_rate': 1, 'start_feed': 'True', 'start_phase_1': 'True'}
2024-07-12 13:24:28 - INFO - test data: {'do': 16.0, 'ph': 7.11, 'temp': 35.936, 'feed_weight': 1512.3, 'lactose_weight': 1064.5, 'base_weight': 672.4, 'acid_weight': 672.4, 'time': 0.03804058412710826, 'date': '2024-07-12', 'time_of_day': '13:24:28', 'type': 'data'}
2024-07-12 13:24:29 - INFO - added data to sheets
2024-07-12 13:24:32 - INFO - Loaded control constants for 2_phase_do_trig_ph_feed_control: {'base_sp': 6.95, 'acid_sp': 8, 'feed_trigger_sp': 7.0, 'start_feed_trig_value': 50, 'start_trig_value': 30, 'feed_counter': 0, 'start_counter': 0, 'required_readings': 3, 'last_antifoam_edition': 0, 'antifoam_edition_rate': 1, 'start_feed': 'True', 'start_phase_1': 'True'}
2024-07-12 13:24:33 - INFO - test data: {'do': 16.5, 'ph': 7.11, 'temp': 35.936, 'feed_weight': 1512.3, 'lactose_weight': 1064.5, 'base_weight': 672.4, 'acid_weight': 672.4, 'time': 0.039436665972073875, 'date': '2024-07-12', 'time_of_day': '13:24:33', 'type': 'data'}
2024-07-12 13:24:35 - INFO - added data to sheets
2024-07-12 13:24:38 - INFO - Loaded control constants for 2_phase_do_trig_ph_feed_control: {'base_sp': 6.95, 'acid_sp': 8, 'feed_trigger_sp': 7.0, 'start_feed_trig_value': 50, 'start_trig_value': 30, 'feed_counter': 0, 'start_counter': 0, 'required_readings': 3, 'last_antifoam_edition': 0, 'antifoam_edition_rate': 1, 'start_feed': 'True', 'start_phase_1': 'True'}
2024-07-12 13:24:38 - INFO - test data: {'do': 17.0, 'ph': 7.03, 'temp': 35.936, 'feed_weight': 1512.3, 'lactose_weight': 1064.5, 'base_weight': 672.4, 'acid_weight': 672.4, 'time': 0.04085048218568166, 'date': '2024-07-12', 'time_of_day': '13:24:38', 'type': 'data'}
2024-07-12 13:24:40 - INFO - added data to sheets
2024-07-12 13:24:43 - INFO - Loaded control constants for 2_phase_do_trig_ph_feed_control: {'base_sp': 6.95, 'acid_sp': 8, 'feed_trigger_sp': 7.0, 'start_feed_trig_value': 50, 'start_trig_value': 30, 'feed_counter': 0, 'start_counter': 0, 'required_readings': 3, 'last_antifoam_edition': 0, 'antifoam_edition_rate': 1, 'start_feed': 'True', 'start_phase_1': 'True'}
2024-07-12 13:24:43 - INFO - test data: {'do': 17.5, 'ph': 7.03, 'temp': 35.936, 'feed_weight': 1512.3, 'lactose_weight': 1064.5, 'base_weight': 672.4, 'acid_weight': 672.4, 'time': 0.04227577176358965, 'date': '2024-07-12', 'time_of_day': '13:24:43', 'type': 'data'}
2024-07-12 13:24:45 - INFO - added data to sheets
2024-07-12 13:24:48 - INFO - Loaded control constants for 2_phase_do_trig_ph_feed_control: {'base_sp': 6.95, 'acid_sp': 8, 'feed_trigger_sp': 7.0, 'start_feed_trig_value': 50, 'start_trig_value': 30, 'feed_counter': 0, 'start_counter': 0, 'required_readings': 3, 'last_antifoam_edition': 0, 'antifoam_edition_rate': 1, 'start_feed': 'True', 'start_phase_1': 'True'}
2024-07-12 13:24:48 - INFO - test data: {'do': 17.0, 'ph': 7.1, 'temp': 35.936, 'feed_weight': 1512.3, 'lactose_weight': 1064.5, 'base_weight': 672.4, 'acid_weight': 672.4, 'time': 0.043677290876706444, 'date': '2024-07-12', 'time_of_day': '13:24:48', 'type': 'data'}
2024-07-12 13:24:50 - INFO - added data to sheets
2024-07-12 13:24:53 - INFO - Loaded control constants for 2_phase_do_trig_ph_feed_control: {'base_sp': 6.95, 'acid_sp': 8, 'feed_trigger_sp': 7.0, 'start_feed_trig_value': 50, 'start_trig_value': 30, 'feed_counter': 0, 'start_counter': 0, 'required_readings': 3, 'last_antifoam_edition': 0, 'antifoam_edition_rate': 1, 'start_feed': 'True', 'start_phase_1': 'True'}
2024-07-12 13:24:53 - INFO - test data: {'do': 18.5, 'ph': 7.15, 'temp': 35.936, 'feed_weight': 1512.3, 'lactose_weight': 1064.5, 'base_weight': 672.4, 'acid_weight': 672.4, 'time': 0.04507456382115682, 'date': '2024-07-12', 'time_of_day': '13:24:53', 'type': 'data'}
2024-07-12 13:24:55 - INFO - added data to sheets
2024-07-12 13:24:58 - INFO - Loaded control constants for 2_phase_do_trig_ph_feed_control: {'base_sp': 6.95, 'acid_sp': 8, 'feed_trigger_sp': 7.0, 'start_feed_trig_value': 50, 'start_trig_value': 30, 'feed_counter': 0, 'start_counter': 0, 'required_readings': 3, 'last_antifoam_edition': 0, 'antifoam_edition_rate': 1, 'start_feed': 'True', 'start_phase_1': 'True'}
2024-07-12 13:24:58 - INFO - test data: {'do': 19.0, 'ph': 7.2, 'temp': 35.936, 'feed_weight': 1512.3, 'lactose_weight': 1064.5, 'base_weight': 672.4, 'acid_weight': 672.4, 'time': 0.04645534270339542, 'date': '2024-07-12', 'time_of_day': '13:24:58', 'type': 'data'}
2024-07-12 13:25:00 - INFO - added data to sheets
2024-07-12 13:25:03 - INFO - Loaded control constants for 2_phase_do_trig_ph_feed_control: {'base_sp': 6.95, 'acid_sp': 8, 'feed_trigger_sp': 7.0, 'start_feed_trig_value': 50, 'start_trig_value': 30, 'feed_counter': 0, 'start_counter': 0, 'required_readings': 3, 'last_antifoam_edition': 0, 'antifoam_edition_rate': 1, 'start_feed': 'True', 'start_phase_1': 'True'}
2024-07-12 13:25:03 - INFO - test data: {'do': 20.5, 'ph': 7.25, 'temp': 35.936, 'feed_weight': 1512.3, 'lactose_weight': 1064.5, 'base_weight': 672.4, 'acid_weight': 672.4, 'time': 0.047877326144112484, 'date': '2024-07-12', 'time_of_day': '13:25:03', 'type': 'data'}
2024-07-12 13:25:05 - INFO - added data to sheets
2024-07-12 13:25:08 - INFO - Loaded control constants for 2_phase_do_trig_ph_feed_control: {'base_sp': 6.95, 'acid_sp': 8, 'feed_trigger_sp': 7.0, 'start_feed_trig_value': 50, 'start_trig_value': 30, 'feed_counter': 0, 'start_counter': 0, 'required_readings': 3, 'last_antifoam_edition': 0, 'antifoam_edition_rate': 1, 'start_feed': 'True', 'start_phase_1': 'True'}
2024-07-12 13:25:08 - INFO - test data: {'do': 20.0, 'ph': 7.3, 'temp': 35.936, 'feed_weight': 1512.3, 'lactose_weight': 1064.5, 'base_weight': 672.4, 'acid_weight': 672.4, 'time': 0.049296086761686536, 'date': '2024-07-12', 'time_of_day': '13:25:08', 'type': 'data'}
2024-07-12 13:25:10 - INFO - added data to sheets
2024-07-12 13:25:13 - INFO - Loaded control constants for 2_phase_do_trig_ph_feed_control: {'base_sp': 6.95, 'acid_sp': 8, 'feed_trigger_sp': 7.0, 'start_feed_trig_value': 50, 'start_trig_value': 30, 'feed_counter': 0, 'start_counter': 0, 'required_readings': 3, 'last_antifoam_edition': 0, 'antifoam_edition_rate': 1, 'start_feed': 'True', 'start_phase_1': 'True'}
2024-07-12 13:25:13 - INFO - test data: {'do': 16.0, 'ph': 7.7, 'temp': 35.936, 'feed_weight': 1512.3, 'lactose_weight': 1064.5, 'base_weight': 672.4, 'acid_weight': 672.4, 'time': 0.0507038320435418, 'date': '2024-07-12', 'time_of_day': '13:25:13', 'type': 'data'}
2024-07-12 13:25:15 - INFO - added data to sheets
2024-07-12 13:25:18 - INFO - Loaded control constants for 2_phase_do_trig_ph_feed_control: {'base_sp': 6.95, 'acid_sp': 8, 'feed_trigger_sp': 7.0, 'start_feed_trig_value': 50, 'start_trig_value': 30, 'feed_counter': 0, 'start_counter': 0, 'required_readings': 3, 'last_antifoam_edition': 0, 'antifoam_edition_rate': 1, 'start_feed': 'True', 'start_phase_1': 'True'}
2024-07-12 13:25:18 - INFO - test data: {'do': 17.0, 'ph': 6.8, 'temp': 35.936, 'feed_weight': 1512.3, 'lactose_weight': 1064.5, 'base_weight': 672.4, 'acid_weight': 672.4, 'time': 0.05208786269028982, 'date': '2024-07-12', 'time_of_day': '13:25:18', 'type': 'data'}
2024-07-12 13:25:21 - INFO - added data to sheets
2024-07-12 13:25:24 - INFO - Loaded control constants for 2_phase_do_trig_ph_feed_control: {'base_sp': 6.95, 'acid_sp': 8, 'feed_trigger_sp': 7.0, 'start_feed_trig_value': 50, 'start_trig_value': 30, 'feed_counter': 0, 'start_counter': 0, 'required_readings': 3, 'last_antifoam_edition': 0, 'antifoam_edition_rate': 1, 'start_feed': 'True', 'start_phase_1': 'True'}
2024-07-12 13:25:24 - INFO - test data: {'do': 18.0, 'ph': 6.9, 'temp': 35.936, 'feed_weight': 1512.3, 'lactose_weight': 1064.5, 'base_weight': 672.4, 'acid_weight': 672.4, 'time': 0.053676757547590465, 'date': '2024-07-12', 'time_of_day': '13:25:24', 'type': 'data'}
2024-07-12 13:25:26 - INFO - added data to sheets
2024-07-12 13:25:29 - INFO - Loaded control constants for 2_phase_do_trig_ph_feed_control: {'base_sp': 6.95, 'acid_sp': 8, 'feed_trigger_sp': 7.0, 'start_feed_trig_value': 50, 'start_trig_value': 30, 'feed_counter': 0, 'start_counter': 0, 'required_readings': 3, 'last_antifoam_edition': 0, 'antifoam_edition_rate': 1, 'start_feed': 'True', 'start_phase_1': 'True'}
2024-07-12 13:25:29 - INFO - test data: {'do': 19.0, 'ph': 7.0, 'temp': 35.936, 'feed_weight': 1512.3, 'lactose_weight': 1064.5, 'base_weight': 672.4, 'acid_weight': 672.4, 'time': 0.05510630011558533, 'date': '2024-07-12', 'time_of_day': '13:25:29', 'type': 'data'}
2024-07-12 13:25:31 - INFO - added data to sheets
2024-07-12 13:25:34 - INFO - Loaded control constants for 2_phase_do_trig_ph_feed_control: {'base_sp': 6.95, 'acid_sp': 8, 'feed_trigger_sp': 7.0, 'start_feed_trig_value': 50, 'start_trig_value': 30, 'feed_counter': 0, 'start_counter': 0, 'required_readings': 3, 'last_antifoam_edition': 0, 'antifoam_edition_rate': 1, 'start_feed': 'True', 'start_phase_1': 'True'}
2024-07-12 13:25:34 - INFO - test data: {'do': 20.0, 'ph': 7.02, 'temp': 35.936, 'feed_weight': 1512.3, 'lactose_weight': 1064.5, 'base_weight': 672.4, 'acid_weight': 672.4, 'time': 0.05651250633928511, 'date': '2024-07-12', 'time_of_day': '13:25:34', 'type': 'data'}
2024-07-12 13:25:36 - INFO - added data to sheets
2024-07-12 13:25:39 - INFO - Loaded control constants for 2_phase_do_trig_ph_feed_control: {'base_sp': 6.95, 'acid_sp': 8, 'feed_trigger_sp': 7.0, 'start_feed_trig_value': 50, 'start_trig_value': 30, 'feed_counter': 0, 'start_counter': 0, 'required_readings': 3, 'last_antifoam_edition': 0, 'antifoam_edition_rate': 1, 'start_feed': 'True', 'start_phase_1': 'True'}
2024-07-12 13:25:39 - INFO - test data: {'do': 23.0, 'ph': 7.1, 'temp': 35.936, 'feed_weight': 1512.3, 'lactose_weight': 1064.5, 'base_weight': 672.4, 'acid_weight': 672.4, 'time': 0.057921790877978004, 'date': '2024-07-12', 'time_of_day': '13:25:39', 'type': 'data'}
2024-07-12 13:25:41 - INFO - added data to sheets
2024-07-12 13:25:44 - INFO - Loaded control constants for 2_phase_do_trig_ph_feed_control: {'base_sp': 6.95, 'acid_sp': 8, 'feed_trigger_sp': 7.0, 'start_feed_trig_value': 50, 'start_trig_value': 30, 'feed_counter': 0, 'start_counter': 0, 'required_readings': 3, 'last_antifoam_edition': 0, 'antifoam_edition_rate': 1, 'start_feed': 'True', 'start_phase_1': 'True'}
2024-07-12 13:25:44 - INFO - test data: {'do': 24.0, 'ph': 7.15, 'temp': 35.936, 'feed_weight': 1512.3, 'lactose_weight': 1064.5, 'base_weight': 672.4, 'acid_weight': 672.4, 'time': 0.0593376667631997, 'date': '2024-07-12', 'time_of_day': '13:25:44', 'type': 'data'}
2024-07-12 13:25:46 - INFO - added data to sheets
2024-07-12 13:25:49 - INFO - Loaded control constants for 2_phase_do_trig_ph_feed_control: {'base_sp': 6.95, 'acid_sp': 8, 'feed_trigger_sp': 7.0, 'start_feed_trig_value': 50, 'start_trig_value': 30, 'feed_counter': 0, 'start_counter': 0, 'required_readings': 3, 'last_antifoam_edition': 0, 'antifoam_edition_rate': 1, 'start_feed': 'True', 'start_phase_1': 'True'}
2024-07-12 13:25:49 - INFO - test data: {'do': 25.0, 'ph': 7.2, 'temp': 35.936, 'feed_weight': 1512.3, 'lactose_weight': 1064.5, 'base_weight': 672.4, 'acid_weight': 672.4, 'time': 0.06074391358428531, 'date': '2024-07-12', 'time_of_day': '13:25:49', 'type': 'data'}
2024-07-12 13:25:52 - INFO - added data to sheets
2024-07-12 13:25:55 - INFO - Loaded control constants for 2_phase_do_trig_ph_feed_control: {'base_sp': 6.95, 'acid_sp': 8, 'feed_trigger_sp': 7.0, 'start_feed_trig_value': 50, 'start_trig_value': 30, 'feed_counter': 0, 'start_counter': 0, 'required_readings': 3, 'last_antifoam_edition': 0, 'antifoam_edition_rate': 1, 'start_feed': 'True', 'start_phase_1': 'True'}
2024-07-12 13:25:55 - INFO - test data: {'do': 24.0, 'ph': 7.25, 'temp': 35.936, 'feed_weight': 1512.3, 'lactose_weight': 1064.5, 'base_weight': 672.4, 'acid_weight': 672.4, 'time': 0.06237669971254137, 'date': '2024-07-12', 'time_of_day': '13:25:55', 'type': 'data'}
2024-07-12 13:25:57 - INFO - added data to sheets
2024-07-12 13:26:00 - INFO - Loaded control constants for 2_phase_do_trig_ph_feed_control: {'base_sp': 6.95, 'acid_sp': 8, 'feed_trigger_sp': 7.0, 'start_feed_trig_value': 50, 'start_trig_value': 30, 'feed_counter': 0, 'start_counter': 0, 'required_readings': 3, 'last_antifoam_edition': 0, 'antifoam_edition_rate': 1, 'start_feed': 'True', 'start_phase_1': 'True'}
2024-07-12 13:26:00 - INFO - test data: {'do': 23.0, 'ph': 7.3, 'temp': 35.936, 'feed_weight': 1512.3, 'lactose_weight': 1064.5, 'base_weight': 672.4, 'acid_weight': 672.4, 'time': 0.06373686929543813, 'date': '2024-07-12', 'time_of_day': '13:26:00', 'type': 'data'}
2024-07-12 13:26:02 - INFO - added data to sheets
2024-07-12 13:26:05 - INFO - Loaded control constants for 2_phase_do_trig_ph_feed_control: {'base_sp': 6.95, 'acid_sp': 8, 'feed_trigger_sp': 7.0, 'start_feed_trig_value': 50, 'start_trig_value': 30, 'feed_counter': 0, 'start_counter': 0, 'required_readings': 3, 'last_antifoam_edition': 0, 'antifoam_edition_rate': 1, 'start_feed': 'True', 'start_phase_1': 'True'}
2024-07-12 13:26:05 - INFO - test data: {'do': 22.0, 'ph': 7.03, 'temp': 35.936, 'feed_weight': 1512.3, 'lactose_weight': 1064.5, 'base_weight': 672.4, 'acid_weight': 672.4, 'time': 0.06509724371963077, 'date': '2024-07-12', 'time_of_day': '13:26:05', 'type': 'data'}
2024-07-12 13:26:07 - INFO - added data to sheets
2024-07-12 13:26:10 - INFO - Loaded control constants for 2_phase_do_trig_ph_feed_control: {'base_sp': 6.95, 'acid_sp': 8, 'feed_trigger_sp': 7.0, 'start_feed_trig_value': 50, 'start_trig_value': 30, 'feed_counter': 0, 'start_counter': 0, 'required_readings': 3, 'last_antifoam_edition': 0, 'antifoam_edition_rate': 1, 'start_feed': 'True', 'start_phase_1': 'True'}
2024-07-12 13:26:10 - INFO - test data: {'do': 22.5, 'ph': 7.03, 'temp': 35.936, 'feed_weight': 1512.3, 'lactose_weight': 1064.5, 'base_weight': 672.4, 'acid_weight': 672.4, 'time': 0.06649342563417222, 'date': '2024-07-12', 'time_of_day': '13:26:10', 'type': 'data'}
2024-07-12 13:26:13 - INFO - added data to sheets
2024-07-12 13:26:16 - INFO - Loaded control constants for 2_phase_do_trig_ph_feed_control: {'base_sp': 6.95, 'acid_sp': 8, 'feed_trigger_sp': 7.0, 'start_feed_trig_value': 50, 'start_trig_value': 30, 'feed_counter': 0, 'start_counter': 0, 'required_readings': 3, 'last_antifoam_edition': 0, 'antifoam_edition_rate': 1, 'start_feed': 'True', 'start_phase_1': 'True'}
2024-07-12 13:26:16 - INFO - test data: {'do': 23.0, 'ph': 7.03, 'temp': 35.936, 'feed_weight': 1512.3, 'lactose_weight': 1064.5, 'base_weight': 672.4, 'acid_weight': 672.4, 'time': 0.06806805438465542, 'date': '2024-07-12', 'time_of_day': '13:26:16', 'type': 'data'}
2024-07-12 13:26:17 - INFO - added data to sheets
2024-07-12 13:26:20 - INFO - Loaded control constants for 2_phase_do_trig_ph_feed_control: {'base_sp': 6.95, 'acid_sp': 8, 'feed_trigger_sp': 7.0, 'start_feed_trig_value': 50, 'start_trig_value': 30, 'feed_counter': 0, 'start_counter': 0, 'required_readings': 3, 'last_antifoam_edition': 0, 'antifoam_edition_rate': 1, 'start_feed': 'True', 'start_phase_1': 'True'}
2024-07-12 13:26:20 - INFO - test data: {'do': 23.5, 'ph': 7.03, 'temp': 35.936, 'feed_weight': 1512.3, 'lactose_weight': 1064.5, 'base_weight': 672.4, 'acid_weight': 672.4, 'time': 0.06940998726420933, 'date': '2024-07-12', 'time_of_day': '13:26:20', 'type': 'data'}
2024-07-12 13:26:22 - INFO - added data to sheets
2024-07-12 13:26:25 - INFO - Loaded control constants for 2_phase_do_trig_ph_feed_control: {'base_sp': 6.95, 'acid_sp': 8, 'feed_trigger_sp': 7.0, 'start_feed_trig_value': 50, 'start_trig_value': 30, 'feed_counter': 0, 'start_counter': 0, 'required_readings': 3, 'last_antifoam_edition': 0, 'antifoam_edition_rate': 1, 'start_feed': 'True', 'start_phase_1': 'True'}
2024-07-12 13:26:25 - INFO - test data: {'do': 24.0, 'ph': 7.03, 'temp': 35.936, 'feed_weight': 1512.3, 'lactose_weight': 1064.5, 'base_weight': 672.4, 'acid_weight': 672.4, 'time': 0.07077581094370948, 'date': '2024-07-12', 'time_of_day': '13:26:25', 'type': 'data'}
2024-07-12 13:26:27 - INFO - added data to sheets
2024-07-12 13:26:30 - INFO - Loaded control constants for 2_phase_do_trig_ph_feed_control: {'base_sp': 6.95, 'acid_sp': 8, 'feed_trigger_sp': 7.0, 'start_feed_trig_value': 50, 'start_trig_value': 30, 'feed_counter': 0, 'start_counter': 0, 'required_readings': 3, 'last_antifoam_edition': 0, 'antifoam_edition_rate': 1, 'start_feed': 'True', 'start_phase_1': 'True'}
2024-07-12 13:26:30 - INFO - test data: {'do': 24.5, 'ph': 7.7, 'temp': 35.936, 'feed_weight': 1512.3, 'lactose_weight': 1064.5, 'base_weight': 672.4, 'acid_weight': 672.4, 'time': 0.07213178277015686, 'date': '2024-07-12', 'time_of_day': '13:26:30', 'type': 'data'}
2024-07-12 13:26:32 - INFO - added data to sheets
2024-07-12 13:26:35 - INFO - Loaded control constants for 2_phase_do_trig_ph_feed_control: {'base_sp': 6.95, 'acid_sp': 8, 'feed_trigger_sp': 7.0, 'start_feed_trig_value': 50, 'start_trig_value': 30, 'feed_counter': 0, 'start_counter': 0, 'required_readings': 3, 'last_antifoam_edition': 0, 'antifoam_edition_rate': 1, 'start_feed': 'True', 'start_phase_1': 'True'}
2024-07-12 13:26:35 - INFO - test data: {'do': 25.0, 'ph': 6.8, 'temp': 35.936, 'feed_weight': 1512.3, 'lactose_weight': 1064.5, 'base_weight': 672.4, 'acid_weight': 672.4, 'time': 0.07348456660906474, 'date': '2024-07-12', 'time_of_day': '13:26:35', 'type': 'data'}
2024-07-12 13:26:37 - INFO - added data to sheets
2024-07-12 13:26:40 - INFO - Loaded control constants for 2_phase_do_trig_ph_feed_control: {'base_sp': 6.95, 'acid_sp': 8, 'feed_trigger_sp': 7.0, 'start_feed_trig_value': 50, 'start_trig_value': 30, 'feed_counter': 0, 'start_counter': 0, 'required_readings': 3, 'last_antifoam_edition': 0, 'antifoam_edition_rate': 1, 'start_feed': 'True', 'start_phase_1': 'True'}
2024-07-12 13:26:40 - INFO - test data: {'do': 25.5, 'ph': 6.9, 'temp': 35.936, 'feed_weight': 1512.3, 'lactose_weight': 1064.5, 'base_weight': 672.4, 'acid_weight': 672.4, 'time': 0.07484869023164113, 'date': '2024-07-12', 'time_of_day': '13:26:40', 'type': 'data'}
2024-07-12 13:26:42 - INFO - added data to sheets
2024-07-12 13:26:45 - INFO - Loaded control constants for 2_phase_do_trig_ph_feed_control: {'base_sp': 6.95, 'acid_sp': 8, 'feed_trigger_sp': 7.0, 'start_feed_trig_value': 50, 'start_trig_value': 30, 'feed_counter': 0, 'start_counter': 0, 'required_readings': 3, 'last_antifoam_edition': 0, 'antifoam_edition_rate': 1, 'start_feed': 'True', 'start_phase_1': 'True'}
2024-07-12 13:26:45 - INFO - test data: {'do': 26.0, 'ph': 7.0, 'temp': 35.936, 'feed_weight': 1512.3, 'lactose_weight': 1064.5, 'base_weight': 672.4, 'acid_weight': 672.4, 'time': 0.07623723871178097, 'date': '2024-07-12', 'time_of_day': '13:26:45', 'type': 'data'}
2024-07-12 13:26:47 - INFO - added data to sheets
2024-07-12 13:26:50 - INFO - Loaded control constants for 2_phase_do_trig_ph_feed_control: {'base_sp': 6.95, 'acid_sp': 8, 'feed_trigger_sp': 7.0, 'start_feed_trig_value': 50, 'start_trig_value': 30, 'feed_counter': 0, 'start_counter': 0, 'required_readings': 3, 'last_antifoam_edition': 0, 'antifoam_edition_rate': 1, 'start_feed': 'True', 'start_phase_1': 'True'}
2024-07-12 13:26:50 - INFO - test data: {'do': 26.5, 'ph': 7.02, 'temp': 35.936, 'feed_weight': 1512.3, 'lactose_weight': 1064.5, 'base_weight': 672.4, 'acid_weight': 672.4, 'time': 0.07757981830173069, 'date': '2024-07-12', 'time_of_day': '13:26:50', 'type': 'data'}
2024-07-12 13:26:52 - INFO - added data to sheets
2024-07-12 13:26:55 - INFO - Loaded control constants for 2_phase_do_trig_ph_feed_control: {'base_sp': 6.95, 'acid_sp': 8, 'feed_trigger_sp': 7.0, 'start_feed_trig_value': 50, 'start_trig_value': 30, 'feed_counter': 0, 'start_counter': 0, 'required_readings': 3, 'last_antifoam_edition': 0, 'antifoam_edition_rate': 1, 'start_feed': 'True', 'start_phase_1': 'True'}
2024-07-12 13:26:55 - INFO - test data: {'do': 20.5, 'ph': 7.7, 'temp': 35.936, 'feed_weight': 1512.3, 'lactose_weight': 1064.5, 'base_weight': 672.4, 'acid_weight': 672.4, 'time': 0.07893579562505086, 'date': '2024-07-12', 'time_of_day': '13:26:55', 'type': 'data'}
2024-07-12 13:26:57 - INFO - added data to sheets
2024-07-12 13:27:00 - INFO - Loaded control constants for 2_phase_do_trig_ph_feed_control: {'base_sp': 6.95, 'acid_sp': 8, 'feed_trigger_sp': 7.0, 'start_feed_trig_value': 50, 'start_trig_value': 30, 'feed_counter': 0, 'start_counter': 0, 'required_readings': 3, 'last_antifoam_edition': 0, 'antifoam_edition_rate': 1, 'start_feed': 'True', 'start_phase_1': 'True'}
2024-07-12 13:27:00 - INFO - test data: {'do': 25.0, 'ph': 6.8, 'temp': 35.936, 'feed_weight': 1512.3, 'lactose_weight': 1064.5, 'base_weight': 672.4, 'acid_weight': 672.4, 'time': 0.0803389753235711, 'date': '2024-07-12', 'time_of_day': '13:27:00', 'type': 'data'}
2024-07-12 13:27:02 - INFO - added data to sheets
2024-07-12 13:27:05 - INFO - Loaded control constants for 2_phase_do_trig_ph_feed_control: {'base_sp': 6.95, 'acid_sp': 8, 'feed_trigger_sp': 7.0, 'start_feed_trig_value': 50, 'start_trig_value': 30, 'feed_counter': 0, 'start_counter': 0, 'required_readings': 3, 'last_antifoam_edition': 0, 'antifoam_edition_rate': 1, 'start_feed': 'True', 'start_phase_1': 'True'}
2024-07-12 13:27:05 - INFO - test data: {'do': 25.5, 'ph': 6.9, 'temp': 35.936, 'feed_weight': 1512.3, 'lactose_weight': 1064.5, 'base_weight': 672.4, 'acid_weight': 672.4, 'time': 0.08174367003970676, 'date': '2024-07-12', 'time_of_day': '13:27:05', 'type': 'data'}
2024-07-12 13:27:07 - INFO - added data to sheets
2024-07-12 13:27:10 - INFO - Loaded control constants for 2_phase_do_trig_ph_feed_control: {'base_sp': 6.95, 'acid_sp': 8, 'feed_trigger_sp': 7.0, 'start_feed_trig_value': 50, 'start_trig_value': 30, 'feed_counter': 0, 'start_counter': 0, 'required_readings': 3, 'last_antifoam_edition': 0, 'antifoam_edition_rate': 1, 'start_feed': 'True', 'start_phase_1': 'True'}
2024-07-12 13:27:10 - INFO - test data: {'do': 22.0, 'ph': 7.0, 'temp': 35.936, 'feed_weight': 1512.3, 'lactose_weight': 1064.5, 'base_weight': 672.4, 'acid_weight': 672.4, 'time': 0.08311480422814688, 'date': '2024-07-12', 'time_of_day': '13:27:10', 'type': 'data'}
2024-07-12 13:27:12 - INFO - added data to sheets
2024-07-12 13:27:15 - INFO - Loaded control constants for 2_phase_do_trig_ph_feed_control: {'base_sp': 6.95, 'acid_sp': 8, 'feed_trigger_sp': 7.0, 'start_feed_trig_value': 50, 'start_trig_value': 30, 'feed_counter': 0, 'start_counter': 0, 'required_readings': 3, 'last_antifoam_edition': 0, 'antifoam_edition_rate': 1, 'start_feed': 'True', 'start_phase_1': 'True'}
2024-07-12 13:27:15 - INFO - test data: {'do': 26.5, 'ph': 7.02, 'temp': 35.936, 'feed_weight': 1512.3, 'lactose_weight': 1064.5, 'base_weight': 672.4, 'acid_weight': 672.4, 'time': 0.08447692612806956, 'date': '2024-07-12', 'time_of_day': '13:27:15', 'type': 'data'}
2024-07-12 13:27:16 - INFO - added data to sheets
2024-07-12 13:27:19 - INFO - Loaded control constants for 2_phase_do_trig_ph_feed_control: {'base_sp': 6.95, 'acid_sp': 8, 'feed_trigger_sp': 7.0, 'start_feed_trig_value': 50, 'start_trig_value': 30, 'feed_counter': 0, 'start_counter': 0, 'required_readings': 3, 'last_antifoam_edition': 0, 'antifoam_edition_rate': 1, 'start_feed': 'True', 'start_phase_1': 'True'}
2024-07-12 13:27:20 - INFO - test data: {'do': 23.0, 'ph': 7.1, 'temp': 35.936, 'feed_weight': 1512.3, 'lactose_weight': 1064.5, 'base_weight': 672.4, 'acid_weight': 672.4, 'time': 0.08583100001017252, 'date': '2024-07-12', 'time_of_day': '13:27:20', 'type': 'data'}
2024-07-12 13:27:21 - INFO - added data to sheets
2024-07-12 13:27:24 - INFO - Loaded control constants for 2_phase_do_trig_ph_feed_control: {'base_sp': 6.95, 'acid_sp': 8, 'feed_trigger_sp': 7.0, 'start_feed_trig_value': 50, 'start_trig_value': 30, 'feed_counter': 0, 'start_counter': 0, 'required_readings': 3, 'last_antifoam_edition': 0, 'antifoam_edition_rate': 1, 'start_feed': 'True', 'start_phase_1': 'True'}
2024-07-12 13:27:24 - INFO - test data: {'do': 24.0, 'ph': 7.15, 'temp': 35.936, 'feed_weight': 1512.3, 'lactose_weight': 1064.5, 'base_weight': 672.4, 'acid_weight': 672.4, 'time': 0.08718642638789283, 'date': '2024-07-12', 'time_of_day': '13:27:24', 'type': 'data'}
2024-07-12 13:27:26 - INFO - added data to sheets
2024-07-12 13:27:29 - INFO - Loaded control constants for 2_phase_do_trig_ph_feed_control: {'base_sp': 6.95, 'acid_sp': 8, 'feed_trigger_sp': 7.0, 'start_feed_trig_value': 50, 'start_trig_value': 30, 'feed_counter': 0, 'start_counter': 0, 'required_readings': 3, 'last_antifoam_edition': 0, 'antifoam_edition_rate': 1, 'start_feed': 'True', 'start_phase_1': 'True'}
2024-07-12 13:27:29 - INFO - test data: {'do': 25.0, 'ph': 7.2, 'temp': 35.936, 'feed_weight': 1512.3, 'lactose_weight': 1064.5, 'base_weight': 672.4, 'acid_weight': 672.4, 'time': 0.08851844463083479, 'date': '2024-07-12', 'time_of_day': '13:27:29', 'type': 'data'}
2024-07-12 13:27:31 - INFO - added data to sheets
2024-07-12 13:27:34 - INFO - Loaded control constants for 2_phase_do_trig_ph_feed_control: {'base_sp': 6.95, 'acid_sp': 8, 'feed_trigger_sp': 7.0, 'start_feed_trig_value': 50, 'start_trig_value': 30, 'feed_counter': 0, 'start_counter': 0, 'required_readings': 3, 'last_antifoam_edition': 0, 'antifoam_edition_rate': 1, 'start_feed': 'True', 'start_phase_1': 'True'}
2024-07-12 13:27:34 - INFO - test data: {'do': 24.0, 'ph': 7.25, 'temp': 35.936, 'feed_weight': 1512.3, 'lactose_weight': 1064.5, 'base_weight': 672.4, 'acid_weight': 672.4, 'time': 0.08987843162483639, 'date': '2024-07-12', 'time_of_day': '13:27:34', 'type': 'data'}
2024-07-12 13:27:36 - INFO - added data to sheets
2024-07-12 13:27:39 - INFO - Loaded control constants for 2_phase_do_trig_ph_feed_control: {'base_sp': 6.95, 'acid_sp': 8, 'feed_trigger_sp': 7.0, 'start_feed_trig_value': 50, 'start_trig_value': 30, 'feed_counter': 0, 'start_counter': 0, 'required_readings': 3, 'last_antifoam_edition': 0, 'antifoam_edition_rate': 1, 'start_feed': 'True', 'start_phase_1': 'True'}
2024-07-12 13:27:39 - INFO - test data: {'do': 23.0, 'ph': 7.3, 'temp': 35.936, 'feed_weight': 1512.3, 'lactose_weight': 1064.5, 'base_weight': 672.4, 'acid_weight': 672.4, 'time': 0.0913501215643353, 'date': '2024-07-12', 'time_of_day': '13:27:39', 'type': 'data'}
2024-07-12 13:27:41 - INFO - added data to sheets
2024-07-12 13:27:44 - INFO - Loaded control constants for 2_phase_do_trig_ph_feed_control: {'base_sp': 6.95, 'acid_sp': 8, 'feed_trigger_sp': 7.0, 'start_feed_trig_value': 50, 'start_trig_value': 30, 'feed_counter': 0, 'start_counter': 0, 'required_readings': 3, 'last_antifoam_edition': 0, 'antifoam_edition_rate': 1, 'start_feed': 'True', 'start_phase_1': 'True'}
2024-07-12 13:27:44 - INFO - test data: {'do': 22.0, 'ph': 7.03, 'temp': 35.936, 'feed_weight': 1512.3, 'lactose_weight': 1064.5, 'base_weight': 672.4, 'acid_weight': 672.4, 'time': 0.09269109533892737, 'date': '2024-07-12', 'time_of_day': '13:27:44', 'type': 'data'}
2024-07-12 13:27:46 - INFO - added data to sheets
2024-07-12 13:27:49 - INFO - Loaded control constants for 2_phase_do_trig_ph_feed_control: {'base_sp': 6.95, 'acid_sp': 8, 'feed_trigger_sp': 7.0, 'start_feed_trig_value': 50, 'start_trig_value': 30, 'feed_counter': 0, 'start_counter': 0, 'required_readings': 3, 'last_antifoam_edition': 0, 'antifoam_edition_rate': 1, 'start_feed': 'True', 'start_phase_1': 'True'}
2024-07-12 13:27:49 - INFO - test data: {'do': 22.5, 'ph': 7.03, 'temp': 35.936, 'feed_weight': 1512.3, 'lactose_weight': 1064.5, 'base_weight': 672.4, 'acid_weight': 672.4, 'time': 0.09406417912907071, 'date': '2024-07-12', 'time_of_day': '13:27:49', 'type': 'data'}
2024-07-12 13:27:51 - INFO - added data to sheets
2024-07-12 13:27:54 - INFO - Loaded control constants for 2_phase_do_trig_ph_feed_control: {'base_sp': 6.95, 'acid_sp': 8, 'feed_trigger_sp': 7.0, 'start_feed_trig_value': 50, 'start_trig_value': 30, 'feed_counter': 0, 'start_counter': 0, 'required_readings': 3, 'last_antifoam_edition': 0, 'antifoam_edition_rate': 1, 'start_feed': 'True', 'start_phase_1': 'True'}
2024-07-12 13:27:54 - INFO - test data: {'do': 23.0, 'ph': 7.03, 'temp': 35.936, 'feed_weight': 1512.3, 'lactose_weight': 1064.5, 'base_weight': 672.4, 'acid_weight': 672.4, 'time': 0.09545768062273662, 'date': '2024-07-12', 'time_of_day': '13:27:54', 'type': 'data'}
2024-07-12 13:27:56 - INFO - added data to sheets
2024-07-12 13:27:59 - INFO - Loaded control constants for 2_phase_do_trig_ph_feed_control: {'base_sp': 6.95, 'acid_sp': 8, 'feed_trigger_sp': 7.0, 'start_feed_trig_value': 50, 'start_trig_value': 30, 'feed_counter': 0, 'start_counter': 0, 'required_readings': 3, 'last_antifoam_edition': 0, 'antifoam_edition_rate': 1, 'start_feed': 'True', 'start_phase_1': 'True'}
2024-07-12 13:27:59 - INFO - test data: {'do': 23.5, 'ph': 7.03, 'temp': 35.936, 'feed_weight': 1512.3, 'lactose_weight': 1064.5, 'base_weight': 672.4, 'acid_weight': 672.4, 'time': 0.09681877824995253, 'date': '2024-07-12', 'time_of_day': '13:27:59', 'type': 'data'}
2024-07-12 13:28:01 - INFO - added data to sheets
2024-07-12 13:28:04 - INFO - Loaded control constants for 2_phase_do_trig_ph_feed_control: {'base_sp': 6.95, 'acid_sp': 8, 'feed_trigger_sp': 7.0, 'start_feed_trig_value': 50, 'start_trig_value': 30, 'feed_counter': 0, 'start_counter': 0, 'required_readings': 3, 'last_antifoam_edition': 0, 'antifoam_edition_rate': 1, 'start_feed': 'True', 'start_phase_1': 'True'}
2024-07-12 13:28:04 - INFO - test data: {'do': 24.0, 'ph': 7.03, 'temp': 35.936, 'feed_weight': 1512.3, 'lactose_weight': 1064.5, 'base_weight': 672.4, 'acid_weight': 672.4, 'time': 0.09819753097163306, 'date': '2024-07-12', 'time_of_day': '13:28:04', 'type': 'data'}
2024-07-12 13:28:08 - INFO - added data to sheets
2024-07-12 13:28:11 - INFO - Loaded control constants for 2_phase_do_trig_ph_feed_control: {'base_sp': 6.95, 'acid_sp': 8, 'feed_trigger_sp': 7.0, 'start_feed_trig_value': 50, 'start_trig_value': 30, 'feed_counter': 0, 'start_counter': 0, 'required_readings': 3, 'last_antifoam_edition': 0, 'antifoam_edition_rate': 1, 'start_feed': 'True', 'start_phase_1': 'True'}
2024-07-12 13:28:11 - INFO - test data: {'do': 24.5, 'ph': 7.7, 'temp': 35.936, 'feed_weight': 1512.3, 'lactose_weight': 1064.5, 'base_weight': 672.4, 'acid_weight': 672.4, 'time': 0.10019415729575687, 'date': '2024-07-12', 'time_of_day': '13:28:11', 'type': 'data'}
2024-07-12 13:28:13 - INFO - added data to sheets
2024-07-12 13:28:16 - INFO - Loaded control constants for 2_phase_do_trig_ph_feed_control: {'base_sp': 6.95, 'acid_sp': 8, 'feed_trigger_sp': 7.0, 'start_feed_trig_value': 50, 'start_trig_value': 30, 'feed_counter': 0, 'start_counter': 0, 'required_readings': 3, 'last_antifoam_edition': 0, 'antifoam_edition_rate': 1, 'start_feed': 'True', 'start_phase_1': 'True'}
2024-07-12 13:28:16 - INFO - test data: {'do': 25.0, 'ph': 6.8, 'temp': 35.936, 'feed_weight': 1512.3, 'lactose_weight': 1064.5, 'base_weight': 672.4, 'acid_weight': 672.4, 'time': 0.10161449723773533, 'date': '2024-07-12', 'time_of_day': '13:28:16', 'type': 'data'}
2024-07-12 13:28:18 - INFO - added data to sheets
2024-07-12 13:28:21 - INFO - Loaded control constants for 2_phase_do_trig_ph_feed_control: {'base_sp': 6.95, 'acid_sp': 8, 'feed_trigger_sp': 7.0, 'start_feed_trig_value': 50, 'start_trig_value': 30, 'feed_counter': 0, 'start_counter': 0, 'required_readings': 3, 'last_antifoam_edition': 0, 'antifoam_edition_rate': 1, 'start_feed': 'True', 'start_phase_1': 'True'}
2024-07-12 13:28:21 - INFO - test data: {'do': 25.5, 'ph': 6.9, 'temp': 35.936, 'feed_weight': 1512.3, 'lactose_weight': 1064.5, 'base_weight': 672.4, 'acid_weight': 672.4, 'time': 0.10296680483553144, 'date': '2024-07-12', 'time_of_day': '13:28:21', 'type': 'data'}
2024-07-12 13:28:23 - INFO - added data to sheets
2024-07-12 13:28:26 - INFO - Loaded control constants for 2_phase_do_trig_ph_feed_control: {'base_sp': 6.95, 'acid_sp': 8, 'feed_trigger_sp': 7.0, 'start_feed_trig_value': 50, 'start_trig_value': 30, 'feed_counter': 0, 'start_counter': 0, 'required_readings': 3, 'last_antifoam_edition': 0, 'antifoam_edition_rate': 1, 'start_feed': 'True', 'start_phase_1': 'True'}
2024-07-12 13:28:26 - INFO - test data: {'do': 26.0, 'ph': 7.0, 'temp': 35.936, 'feed_weight': 1512.3, 'lactose_weight': 1064.5, 'base_weight': 672.4, 'acid_weight': 672.4, 'time': 0.10433300422297584, 'date': '2024-07-12', 'time_of_day': '13:28:26', 'type': 'data'}
2024-07-12 13:28:28 - INFO - added data to sheets
2024-07-12 13:28:31 - INFO - Loaded control constants for 2_phase_do_trig_ph_feed_control: {'base_sp': 6.95, 'acid_sp': 8, 'feed_trigger_sp': 7.0, 'start_feed_trig_value': 50, 'start_trig_value': 30, 'feed_counter': 0, 'start_counter': 0, 'required_readings': 3, 'last_antifoam_edition': 0, 'antifoam_edition_rate': 1, 'start_feed': 'True', 'start_phase_1': 'True'}
2024-07-12 13:28:31 - INFO - test data: {'do': 26.5, 'ph': 7.02, 'temp': 35.936, 'feed_weight': 1512.3, 'lactose_weight': 1064.5, 'base_weight': 672.4, 'acid_weight': 672.4, 'time': 0.10570028252071804, 'date': '2024-07-12', 'time_of_day': '13:28:31', 'type': 'data'}
2024-07-12 13:28:33 - INFO - added data to sheets
2024-07-12 13:28:36 - INFO - Loaded control constants for 2_phase_do_trig_ph_feed_control: {'base_sp': 6.95, 'acid_sp': 8, 'feed_trigger_sp': 7.0, 'start_feed_trig_value': 50, 'start_trig_value': 30, 'feed_counter': 0, 'start_counter': 0, 'required_readings': 3, 'last_antifoam_edition': 0, 'antifoam_edition_rate': 1, 'start_feed': 'True', 'start_phase_1': 'True'}
2024-07-12 13:28:36 - INFO - test data: {'do': 20.5, 'ph': 7.7, 'temp': 35.936, 'feed_weight': 1512.3, 'lactose_weight': 1064.5, 'base_weight': 672.4, 'acid_weight': 672.4, 'time': 0.10710099763340421, 'date': '2024-07-12', 'time_of_day': '13:28:36', 'type': 'data'}
2024-07-12 13:28:38 - INFO - added data to sheets
2024-07-12 13:28:41 - INFO - Loaded control constants for 2_phase_do_trig_ph_feed_control: {'base_sp': 6.95, 'acid_sp': 8, 'feed_trigger_sp': 7.0, 'start_feed_trig_value': 50, 'start_trig_value': 30, 'feed_counter': 0, 'start_counter': 0, 'required_readings': 3, 'last_antifoam_edition': 0, 'antifoam_edition_rate': 1, 'start_feed': 'True', 'start_phase_1': 'True'}
2024-07-12 13:28:41 - INFO - test data: {'do': 25.0, 'ph': 6.8, 'temp': 35.936, 'feed_weight': 1512.3, 'lactose_weight': 1064.5, 'base_weight': 672.4, 'acid_weight': 672.4, 'time': 0.10843959814972348, 'date': '2024-07-12', 'time_of_day': '13:28:41', 'type': 'data'}
2024-07-12 13:28:43 - INFO - added data to sheets
2024-07-12 13:28:46 - INFO - Loaded control constants for 2_phase_do_trig_ph_feed_control: {'base_sp': 6.95, 'acid_sp': 8, 'feed_trigger_sp': 7.0, 'start_feed_trig_value': 50, 'start_trig_value': 30, 'feed_counter': 0, 'start_counter': 0, 'required_readings': 3, 'last_antifoam_edition': 0, 'antifoam_edition_rate': 1, 'start_feed': 'True', 'start_phase_1': 'True'}
2024-07-12 13:28:46 - INFO - test data: {'do': 25.5, 'ph': 6.9, 'temp': 35.936, 'feed_weight': 1512.3, 'lactose_weight': 1064.5, 'base_weight': 672.4, 'acid_weight': 672.4, 'time': 0.10981167892615, 'date': '2024-07-12', 'time_of_day': '13:28:46', 'type': 'data'}
2024-07-12 13:28:48 - INFO - added data to sheets
2024-07-12 13:28:51 - INFO - Loaded control constants for 2_phase_do_trig_ph_feed_control: {'base_sp': 6.95, 'acid_sp': 8, 'feed_trigger_sp': 7.0, 'start_feed_trig_value': 50, 'start_trig_value': 30, 'feed_counter': 0, 'start_counter': 0, 'required_readings': 3, 'last_antifoam_edition': 0, 'antifoam_edition_rate': 1, 'start_feed': 'True', 'start_phase_1': 'True'}
2024-07-12 13:28:51 - INFO - test data: {'do': 22.0, 'ph': 7.0, 'temp': 35.936, 'feed_weight': 1512.3, 'lactose_weight': 1064.5, 'base_weight': 672.4, 'acid_weight': 672.4, 'time': 0.11114620844523113, 'date': '2024-07-12', 'time_of_day': '13:28:51', 'type': 'data'}
2024-07-12 13:28:52 - INFO - added data to sheets
2024-07-12 13:28:55 - INFO - Loaded control constants for 2_phase_do_trig_ph_feed_control: {'base_sp': 6.95, 'acid_sp': 8, 'feed_trigger_sp': 7.0, 'start_feed_trig_value': 50, 'start_trig_value': 30, 'feed_counter': 0, 'start_counter': 0, 'required_readings': 3, 'last_antifoam_edition': 0, 'antifoam_edition_rate': 1, 'start_feed': 'True', 'start_phase_1': 'True'}
2024-07-12 13:28:56 - INFO - test data: {'do': 26.5, 'ph': 7.02, 'temp': 35.936, 'feed_weight': 1512.3, 'lactose_weight': 1064.5, 'base_weight': 672.4, 'acid_weight': 672.4, 'time': 0.11249478585190244, 'date': '2024-07-12', 'time_of_day': '13:28:56', 'type': 'data'}
2024-07-12 13:28:57 - INFO - added data to sheets
2024-07-12 13:29:00 - INFO - Loaded control constants for 2_phase_do_trig_ph_feed_control: {'base_sp': 6.95, 'acid_sp': 8, 'feed_trigger_sp': 7.0, 'start_feed_trig_value': 50, 'start_trig_value': 30, 'feed_counter': 0, 'start_counter': 0, 'required_readings': 3, 'last_antifoam_edition': 0, 'antifoam_edition_rate': 1, 'start_feed': 'True', 'start_phase_1': 'True'}
2024-07-12 13:30:05 - INFO - Loaded control constants for 2_phase_do_trig_ph_feed_control: {'base_sp': 6.95, 'acid_sp': 8, 'feed_trigger_sp': 7.0, 'start_feed_trig_value': 50, 'start_trig_value': 30, 'feed_counter': 0, 'start_counter': 0, 'required_readings': 3, 'last_antifoam_edition': 0, 'antifoam_edition_rate': 1, 'start_feed': 'True', 'start_phase_1': 'True'}
2024-07-12 13:30:05 - INFO - Sending command: b'0pcu1\n'
2024-07-12 13:30:06 - INFO - Sending command: b'2pcu1\n'
2024-07-12 13:30:07 - INFO - Sending command: b'14pcu1\n'
2024-07-12 13:30:08 - INFO - Sending command: b'4pcu1\n'
2024-07-12 13:30:09 - INFO - Loaded control constants for 2_phase_do_trig_ph_feed_control: {'base_sp': 6.95, 'acid_sp': 8, 'feed_trigger_sp': 7.0, 'start_feed_trig_value': 50, 'start_trig_value': 30, 'feed_counter': 0, 'start_counter': 0, 'required_readings': 3, 'last_antifoam_edition': 0, 'antifoam_edition_rate': 1, 'start_feed': 'True', 'start_phase_1': 'True'}
2024-07-12 13:31:02 - INFO - Loaded control constants for 2_phase_do_trig_ph_feed_control: {'base_sp': 6.95, 'acid_sp': 8, 'feed_trigger_sp': 7.0, 'start_feed_trig_value': 50, 'start_trig_value': 30, 'feed_counter': 0, 'start_counter': 0, 'required_readings': 3, 'last_antifoam_edition': 0, 'antifoam_edition_rate': 1, 'start_feed': 'True', 'start_phase_1': 'True'}
2024-07-12 13:31:02 - INFO - Sending command: b'0pcu1\n'
2024-07-12 13:31:03 - INFO - Sending command: b'2pcu1\n'
2024-07-12 13:31:04 - INFO - Sending command: b'14pcu1\n'
2024-07-12 13:31:05 - INFO - Sending command: b'4pcu1\n'
2024-07-12 13:31:06 - INFO - Loaded control constants for 2_phase_do_trig_ph_feed_control: {'base_sp': 6.95, 'acid_sp': 8, 'feed_trigger_sp': 7.0, 'start_feed_trig_value': 50, 'start_trig_value': 30, 'feed_counter': 0, 'start_counter': 0, 'required_readings': 3, 'last_antifoam_edition': 0, 'antifoam_edition_rate': 1, 'start_feed': 'True', 'start_phase_1': 'True'}
2024-07-12 13:31:06 - INFO - test data: {'do': 100, 'ph': 7.7, 'temp': 35.936, 'feed_weight': 1512.3, 'lactose_weight': 1064.5, 'base_weight': 672.4, 'acid_weight': 672.4, 'time': 0, 'date': '2024-07-12', 'time_of_day': '13:31:06', 'type': 'data'}
2024-07-12 13:31:08 - INFO - added data to sheets
2024-07-12 13:31:11 - INFO - Loaded control constants for 2_phase_do_trig_ph_feed_control: {'base_sp': 6.95, 'acid_sp': 8, 'feed_trigger_sp': 7.0, 'start_feed_trig_value': 50, 'start_trig_value': 30, 'feed_counter': 0, 'start_counter': 0, 'required_readings': 3, 'last_antifoam_edition': 0, 'antifoam_edition_rate': 1, 'start_feed': 'True', 'start_phase_1': 'True'}
2024-07-12 13:31:11 - INFO - test data: {'do': 8, 'ph': 6.8, 'temp': 35.936, 'feed_weight': 1512.3, 'lactose_weight': 1064.5, 'base_weight': 672.4, 'acid_weight': 672.4, 'time': 0.0015508498085869684, 'date': '2024-07-12', 'time_of_day': '13:31:11', 'type': 'data'}
2024-07-12 13:31:13 - INFO - added data to sheets
2024-07-12 13:31:16 - INFO - Loaded control constants for 2_phase_do_trig_ph_feed_control: {'base_sp': 6.95, 'acid_sp': 8, 'feed_trigger_sp': 7.0, 'start_feed_trig_value': 50, 'start_trig_value': 30, 'feed_counter': 0, 'start_counter': 0, 'required_readings': 3, 'last_antifoam_edition': 0, 'antifoam_edition_rate': 1, 'start_feed': 'True', 'start_phase_1': 'True'}
2024-07-12 13:31:16 - INFO - test data: {'do': 70, 'ph': 6.9, 'temp': 35.936, 'feed_weight': 1512.3, 'lactose_weight': 1064.5, 'base_weight': 672.4, 'acid_weight': 672.4, 'time': 0.0029058161046769883, 'date': '2024-07-12', 'time_of_day': '13:31:16', 'type': 'data'}
2024-07-12 13:31:18 - INFO - added data to sheets
2024-07-12 13:31:21 - INFO - Loaded control constants for 2_phase_do_trig_ph_feed_control: {'base_sp': 6.95, 'acid_sp': 8, 'feed_trigger_sp': 7.0, 'start_feed_trig_value': 50, 'start_trig_value': 30, 'feed_counter': 0, 'start_counter': 0, 'required_readings': 3, 'last_antifoam_edition': 0, 'antifoam_edition_rate': 1, 'start_feed': 'True', 'start_phase_1': 'True'}
2024-07-12 13:31:21 - INFO - test data: {'do': 70, 'ph': 7.0, 'temp': 35.936, 'feed_weight': 1512.3, 'lactose_weight': 1064.5, 'base_weight': 672.4, 'acid_weight': 672.4, 'time': 0.00423380348417494, 'date': '2024-07-12', 'time_of_day': '13:31:21', 'type': 'data'}
2024-07-12 13:31:23 - INFO - added data to sheets
2024-07-12 13:31:26 - INFO - Loaded control constants for 2_phase_do_trig_ph_feed_control: {'base_sp': 6.95, 'acid_sp': 8, 'feed_trigger_sp': 7.0, 'start_feed_trig_value': 50, 'start_trig_value': 30, 'feed_counter': 0, 'start_counter': 0, 'required_readings': 3, 'last_antifoam_edition': 0, 'antifoam_edition_rate': 1, 'start_feed': 'True', 'start_phase_1': 'True'}
2024-07-12 13:31:26 - INFO - test data: {'do': 100.0, 'ph': 7.02, 'temp': 35.936, 'feed_weight': 1512.3, 'lactose_weight': 1064.5, 'base_weight': 672.4, 'acid_weight': 672.4, 'time': 0.005581674310896132, 'date': '2024-07-12', 'time_of_day': '13:31:26', 'type': 'data'}
2024-07-12 13:31:28 - INFO - added data to sheets
2024-07-12 13:31:31 - INFO - Loaded control constants for 2_phase_do_trig_ph_feed_control: {'base_sp': 6.95, 'acid_sp': 8, 'feed_trigger_sp': 7.0, 'start_feed_trig_value': 50, 'start_trig_value': 30, 'feed_counter': 0, 'start_counter': 0, 'required_readings': 3, 'last_antifoam_edition': 0, 'antifoam_edition_rate': 1, 'start_feed': 'True', 'start_phase_1': 'True'}
2024-07-12 13:31:31 - INFO - test data: {'do': 70, 'ph': 7.1, 'temp': 35.936, 'feed_weight': 1512.3, 'lactose_weight': 1064.5, 'base_weight': 672.4, 'acid_weight': 672.4, 'time': 0.006932279268900553, 'date': '2024-07-12', 'time_of_day': '13:31:31', 'type': 'data'}
2024-07-12 13:31:32 - INFO - added data to sheets
2024-07-12 13:31:35 - INFO - Loaded control constants for 2_phase_do_trig_ph_feed_control: {'base_sp': 6.95, 'acid_sp': 8, 'feed_trigger_sp': 7.0, 'start_feed_trig_value': 50, 'start_trig_value': 30, 'feed_counter': 0, 'start_counter': 0, 'required_readings': 3, 'last_antifoam_edition': 0, 'antifoam_edition_rate': 1, 'start_feed': 'True', 'start_phase_1': 'True'}
2024-07-12 13:31:36 - INFO - test data: {'do': 70, 'ph': 7.15, 'temp': 35.936, 'feed_weight': 1512.3, 'lactose_weight': 1064.5, 'base_weight': 672.4, 'acid_weight': 672.4, 'time': 0.00826514482498169, 'date': '2024-07-12', 'time_of_day': '13:31:35', 'type': 'data'}
2024-07-12 13:31:37 - INFO - added data to sheets
2024-07-12 13:31:40 - INFO - Loaded control constants for 2_phase_do_trig_ph_feed_control: {'base_sp': 6.95, 'acid_sp': 8, 'feed_trigger_sp': 7.0, 'start_feed_trig_value': 50, 'start_trig_value': 30, 'feed_counter': 0, 'start_counter': 0, 'required_readings': 3, 'last_antifoam_edition': 0, 'antifoam_edition_rate': 1, 'start_feed': 'True', 'start_phase_1': 'True'}
2024-07-12 13:31:40 - INFO - test data: {'do': 80.5, 'ph': 7.2, 'temp': 35.936, 'feed_weight': 1512.3, 'lactose_weight': 1064.5, 'base_weight': 672.4, 'acid_weight': 672.4, 'time': 0.0095928555727005, 'date': '2024-07-12', 'time_of_day': '13:31:40', 'type': 'data'}
2024-07-12 13:31:42 - INFO - added data to sheets
2024-07-12 13:31:45 - INFO - Loaded control constants for 2_phase_do_trig_ph_feed_control: {'base_sp': 6.95, 'acid_sp': 8, 'feed_trigger_sp': 7.0, 'start_feed_trig_value': 50, 'start_trig_value': 30, 'feed_counter': 0, 'start_counter': 0, 'required_readings': 3, 'last_antifoam_edition': 0, 'antifoam_edition_rate': 1, 'start_feed': 'True', 'start_phase_1': 'True'}
2024-07-12 13:31:45 - INFO - test data: {'do': 7, 'ph': 7.25, 'temp': 35.936, 'feed_weight': 1512.3, 'lactose_weight': 1064.5, 'base_weight': 672.4, 'acid_weight': 672.4, 'time': 0.010920584201812744, 'date': '2024-07-12', 'time_of_day': '13:31:45', 'type': 'data'}
2024-07-12 13:31:47 - INFO - added data to sheets
2024-07-12 13:31:50 - INFO - Loaded control constants for 2_phase_do_trig_ph_feed_control: {'base_sp': 6.95, 'acid_sp': 8, 'feed_trigger_sp': 7.0, 'start_feed_trig_value': 50, 'start_trig_value': 30, 'feed_counter': 0, 'start_counter': 0, 'required_readings': 3, 'last_antifoam_edition': 0, 'antifoam_edition_rate': 1, 'start_feed': 'True', 'start_phase_1': 'True'}
2024-07-12 13:31:50 - INFO - test data: {'do': 7, 'ph': 7.3, 'temp': 35.936, 'feed_weight': 1512.3, 'lactose_weight': 1064.5, 'base_weight': 672.4, 'acid_weight': 672.4, 'time': 0.012250810000631544, 'date': '2024-07-12', 'time_of_day': '13:31:50', 'type': 'data'}
2024-07-12 13:31:52 - INFO - added data to sheets
2024-07-12 13:31:55 - INFO - Loaded control constants for 2_phase_do_trig_ph_feed_control: {'base_sp': 6.95, 'acid_sp': 8, 'feed_trigger_sp': 7.0, 'start_feed_trig_value': 50, 'start_trig_value': 30, 'feed_counter': 0, 'start_counter': 0, 'required_readings': 3, 'last_antifoam_edition': 0, 'antifoam_edition_rate': 1, 'start_feed': 'True', 'start_phase_1': 'True'}
2024-07-12 13:31:55 - INFO - test data: {'do': 8.0, 'ph': 7.3, 'temp': 35.936, 'feed_weight': 1512.3, 'lactose_weight': 1064.5, 'base_weight': 672.4, 'acid_weight': 672.4, 'time': 0.01371267835299174, 'date': '2024-07-12', 'time_of_day': '13:31:55', 'type': 'data'}
2024-07-12 13:31:57 - INFO - added data to sheets
2024-07-12 13:32:00 - INFO - Loaded control constants for 2_phase_do_trig_ph_feed_control: {'base_sp': 6.95, 'acid_sp': 8, 'feed_trigger_sp': 7.0, 'start_feed_trig_value': 50, 'start_trig_value': 30, 'feed_counter': 0, 'start_counter': 0, 'required_readings': 3, 'last_antifoam_edition': 0, 'antifoam_edition_rate': 1, 'start_feed': 'True', 'start_phase_1': 'True'}
2024-07-12 13:32:00 - INFO - test data: {'do': 8.5, 'ph': 7.25, 'temp': 35.936, 'feed_weight': 1512.3, 'lactose_weight': 1064.5, 'base_weight': 672.4, 'acid_weight': 672.4, 'time': 0.015056912435425653, 'date': '2024-07-12', 'time_of_day': '13:32:00', 'type': 'data'}
2024-07-12 13:32:02 - INFO - added data to sheets
2024-07-12 13:32:05 - INFO - Loaded control constants for 2_phase_do_trig_ph_feed_control: {'base_sp': 6.95, 'acid_sp': 8, 'feed_trigger_sp': 7.0, 'start_feed_trig_value': 50, 'start_trig_value': 30, 'feed_counter': 0, 'start_counter': 0, 'required_readings': 3, 'last_antifoam_edition': 0, 'antifoam_edition_rate': 1, 'start_feed': 'True', 'start_phase_1': 'True'}
2024-07-12 13:32:05 - INFO - test data: {'do': 70, 'ph': 7.2, 'temp': 35.936, 'feed_weight': 1512.3, 'lactose_weight': 1064.5, 'base_weight': 672.4, 'acid_weight': 672.4, 'time': 0.016403408182991876, 'date': '2024-07-12', 'time_of_day': '13:32:05', 'type': 'data'}
2024-07-12 13:32:07 - INFO - added data to sheets
2024-07-12 13:32:10 - INFO - Loaded control constants for 2_phase_do_trig_ph_feed_control: {'base_sp': 6.95, 'acid_sp': 8, 'feed_trigger_sp': 7.0, 'start_feed_trig_value': 50, 'start_trig_value': 30, 'feed_counter': 0, 'start_counter': 0, 'required_readings': 3, 'last_antifoam_edition': 0, 'antifoam_edition_rate': 1, 'start_feed': 'True', 'start_phase_1': 'True'}
2024-07-12 13:32:10 - INFO - test data: {'do': 70, 'ph': 6.1, 'temp': 35.936, 'feed_weight': 1512.3, 'lactose_weight': 1064.5, 'base_weight': 672.4, 'acid_weight': 672.4, 'time': 0.01773770100540585, 'date': '2024-07-12', 'time_of_day': '13:32:10', 'type': 'data'}
2024-07-12 13:32:11 - INFO - added data to sheets
2024-07-12 13:32:14 - INFO - Loaded control constants for 2_phase_do_trig_ph_feed_control: {'base_sp': 6.95, 'acid_sp': 8, 'feed_trigger_sp': 7.0, 'start_feed_trig_value': 50, 'start_trig_value': 30, 'feed_counter': 0, 'start_counter': 0, 'required_readings': 3, 'last_antifoam_edition': 0, 'antifoam_edition_rate': 1, 'start_feed': 'True', 'start_phase_1': 'True'}
2024-07-12 13:32:15 - INFO - test data: {'do': 70, 'ph': 6.03, 'temp': 35.936, 'feed_weight': 1512.3, 'lactose_weight': 1064.5, 'base_weight': 672.4, 'acid_weight': 672.4, 'time': 0.019124382535616557, 'date': '2024-07-12', 'time_of_day': '13:32:15', 'type': 'data'}
2024-07-12 13:32:16 - INFO - added data to sheets
2024-07-12 13:32:19 - INFO - Loaded control constants for 2_phase_do_trig_ph_feed_control: {'base_sp': 6.95, 'acid_sp': 8, 'feed_trigger_sp': 7.0, 'start_feed_trig_value': 50, 'start_trig_value': 30, 'feed_counter': 0, 'start_counter': 0, 'required_readings': 3, 'last_antifoam_edition': 0, 'antifoam_edition_rate': 1, 'start_feed': 'True', 'start_phase_1': 'True'}
2024-07-12 13:32:19 - INFO - test data: {'do': 10.5, 'ph': 6.03, 'temp': 35.936, 'feed_weight': 1512.3, 'lactose_weight': 1064.5, 'base_weight': 672.4, 'acid_weight': 672.4, 'time': 0.020475017494625516, 'date': '2024-07-12', 'time_of_day': '13:32:19', 'type': 'data'}
2024-07-12 13:32:21 - INFO - added data to sheets
2024-07-12 13:32:24 - INFO - Loaded control constants for 2_phase_do_trig_ph_feed_control: {'base_sp': 6.95, 'acid_sp': 8, 'feed_trigger_sp': 7.0, 'start_feed_trig_value': 50, 'start_trig_value': 30, 'feed_counter': 0, 'start_counter': 0, 'required_readings': 3, 'last_antifoam_edition': 0, 'antifoam_edition_rate': 1, 'start_feed': 'True', 'start_phase_1': 'True'}
2024-07-12 13:32:24 - INFO - test data: {'do': 11.0, 'ph': 6.03, 'temp': 35.936, 'feed_weight': 1512.3, 'lactose_weight': 1064.5, 'base_weight': 672.4, 'acid_weight': 672.4, 'time': 0.021814235051472983, 'date': '2024-07-12', 'time_of_day': '13:32:24', 'type': 'data'}
2024-07-12 13:32:26 - INFO - added data to sheets
2024-07-12 13:32:29 - INFO - Loaded control constants for 2_phase_do_trig_ph_feed_control: {'base_sp': 6.95, 'acid_sp': 8, 'feed_trigger_sp': 7.0, 'start_feed_trig_value': 50, 'start_trig_value': 30, 'feed_counter': 0, 'start_counter': 0, 'required_readings': 3, 'last_antifoam_edition': 0, 'antifoam_edition_rate': 1, 'start_feed': 'True', 'start_phase_1': 'True'}
2024-07-12 13:32:29 - INFO - test data: {'do': 11.5, 'ph': 7.03, 'temp': 35.936, 'feed_weight': 1512.3, 'lactose_weight': 1064.5, 'base_weight': 672.4, 'acid_weight': 672.4, 'time': 0.02318779640727573, 'date': '2024-07-12', 'time_of_day': '13:32:29', 'type': 'data'}
2024-07-12 13:32:31 - INFO - added data to sheets
2024-07-12 13:32:34 - INFO - Loaded control constants for 2_phase_do_trig_ph_feed_control: {'base_sp': 6.95, 'acid_sp': 8, 'feed_trigger_sp': 7.0, 'start_feed_trig_value': 50, 'start_trig_value': 30, 'feed_counter': 0, 'start_counter': 0, 'required_readings': 3, 'last_antifoam_edition': 0, 'antifoam_edition_rate': 1, 'start_feed': 'True', 'start_phase_1': 'True'}
2024-07-12 13:32:34 - INFO - test data: {'do': 12.0, 'ph': 6.03, 'temp': 35.936, 'feed_weight': 1512.3, 'lactose_weight': 1064.5, 'base_weight': 672.4, 'acid_weight': 672.4, 'time': 0.024562764962514243, 'date': '2024-07-12', 'time_of_day': '13:32:34', 'type': 'data'}
2024-07-12 13:32:36 - INFO - added data to sheets
2024-07-12 13:32:39 - INFO - Loaded control constants for 2_phase_do_trig_ph_feed_control: {'base_sp': 6.95, 'acid_sp': 8, 'feed_trigger_sp': 7.0, 'start_feed_trig_value': 50, 'start_trig_value': 30, 'feed_counter': 0, 'start_counter': 0, 'required_readings': 3, 'last_antifoam_edition': 0, 'antifoam_edition_rate': 1, 'start_feed': 'True', 'start_phase_1': 'True'}
2024-07-12 13:32:39 - INFO - test data: {'do': 12.5, 'ph': 7.03, 'temp': 35.936, 'feed_weight': 1512.3, 'lactose_weight': 1064.5, 'base_weight': 672.4, 'acid_weight': 672.4, 'time': 0.026017316579818726, 'date': '2024-07-12', 'time_of_day': '13:32:39', 'type': 'data'}
2024-07-12 13:32:41 - INFO - added data to sheets
2024-07-12 13:32:44 - INFO - Loaded control constants for 2_phase_do_trig_ph_feed_control: {'base_sp': 6.95, 'acid_sp': 8, 'feed_trigger_sp': 7.0, 'start_feed_trig_value': 50, 'start_trig_value': 30, 'feed_counter': 0, 'start_counter': 0, 'required_readings': 3, 'last_antifoam_edition': 0, 'antifoam_edition_rate': 1, 'start_feed': 'True', 'start_phase_1': 'True'}
2024-07-12 13:32:44 - INFO - test data: {'do': 13.0, 'ph': 6.03, 'temp': 35.936, 'feed_weight': 1512.3, 'lactose_weight': 1064.5, 'base_weight': 672.4, 'acid_weight': 672.4, 'time': 0.0274050020509296, 'date': '2024-07-12', 'time_of_day': '13:32:44', 'type': 'data'}
2024-07-12 13:32:46 - INFO - added data to sheets
2024-07-12 13:32:49 - INFO - Loaded control constants for 2_phase_do_trig_ph_feed_control: {'base_sp': 6.95, 'acid_sp': 8, 'feed_trigger_sp': 7.0, 'start_feed_trig_value': 50, 'start_trig_value': 30, 'feed_counter': 0, 'start_counter': 0, 'required_readings': 3, 'last_antifoam_edition': 0, 'antifoam_edition_rate': 1, 'start_feed': 'True', 'start_phase_1': 'True'}
2024-07-12 13:32:49 - INFO - test data: {'do': 13.5, 'ph': 7.0, 'temp': 35.936, 'feed_weight': 1512.3, 'lactose_weight': 1064.5, 'base_weight': 672.4, 'acid_weight': 672.4, 'time': 0.028762592342164783, 'date': '2024-07-12', 'time_of_day': '13:32:49', 'type': 'data'}
2024-07-12 13:32:51 - INFO - added data to sheets
2024-07-12 13:32:54 - INFO - Loaded control constants for 2_phase_do_trig_ph_feed_control: {'base_sp': 6.95, 'acid_sp': 8, 'feed_trigger_sp': 7.0, 'start_feed_trig_value': 50, 'start_trig_value': 30, 'feed_counter': 0, 'start_counter': 0, 'required_readings': 3, 'last_antifoam_edition': 0, 'antifoam_edition_rate': 1, 'start_feed': 'True', 'start_phase_1': 'True'}
2024-07-12 13:32:54 - INFO - test data: {'do': 14.0, 'ph': 7.0, 'temp': 35.936, 'feed_weight': 1512.3, 'lactose_weight': 1064.5, 'base_weight': 672.4, 'acid_weight': 672.4, 'time': 0.03008904212050968, 'date': '2024-07-12', 'time_of_day': '13:32:54', 'type': 'data'}
2024-07-12 13:32:56 - INFO - added data to sheets
2024-07-12 13:32:59 - INFO - Loaded control constants for 2_phase_do_trig_ph_feed_control: {'base_sp': 6.95, 'acid_sp': 8, 'feed_trigger_sp': 7.0, 'start_feed_trig_value': 50, 'start_trig_value': 30, 'feed_counter': 0, 'start_counter': 0, 'required_readings': 3, 'last_antifoam_edition': 0, 'antifoam_edition_rate': 1, 'start_feed': 'True', 'start_phase_1': 'True'}
2024-07-12 13:33:00 - INFO - test data: {'do': 14.5, 'ph': 7.03, 'temp': 35.936, 'feed_weight': 1512.3, 'lactose_weight': 1064.5, 'base_weight': 672.4, 'acid_weight': 672.4, 'time': 0.031620986461639404, 'date': '2024-07-12', 'time_of_day': '13:33:00', 'type': 'data'}
2024-07-12 13:33:01 - INFO - added data to sheets
2024-07-12 13:33:04 - INFO - Loaded control constants for 2_phase_do_trig_ph_feed_control: {'base_sp': 6.95, 'acid_sp': 8, 'feed_trigger_sp': 7.0, 'start_feed_trig_value': 50, 'start_trig_value': 30, 'feed_counter': 0, 'start_counter': 0, 'required_readings': 3, 'last_antifoam_edition': 0, 'antifoam_edition_rate': 1, 'start_feed': 'True', 'start_phase_1': 'True'}
2024-07-12 13:33:04 - INFO - test data: {'do': 15.0, 'ph': 7.03, 'temp': 35.936, 'feed_weight': 1512.3, 'lactose_weight': 1064.5, 'base_weight': 672.4, 'acid_weight': 672.4, 'time': 0.032981605860922074, 'date': '2024-07-12', 'time_of_day': '13:33:04', 'type': 'data'}
2024-07-12 13:33:06 - INFO - added data to sheets
2024-07-12 13:33:09 - INFO - Loaded control constants for 2_phase_do_trig_ph_feed_control: {'base_sp': 6.95, 'acid_sp': 8, 'feed_trigger_sp': 7.0, 'start_feed_trig_value': 50, 'start_trig_value': 30, 'feed_counter': 0, 'start_counter': 0, 'required_readings': 3, 'last_antifoam_edition': 0, 'antifoam_edition_rate': 1, 'start_feed': 'True', 'start_phase_1': 'True'}
2024-07-12 13:33:09 - INFO - test data: {'do': 15.5, 'ph': 7.03, 'temp': 35.936, 'feed_weight': 1512.3, 'lactose_weight': 1064.5, 'base_weight': 672.4, 'acid_weight': 672.4, 'time': 0.034349948565165205, 'date': '2024-07-12', 'time_of_day': '13:33:09', 'type': 'data'}
2024-07-12 13:33:11 - INFO - added data to sheets
2024-07-12 13:33:14 - INFO - Loaded control constants for 2_phase_do_trig_ph_feed_control: {'base_sp': 6.95, 'acid_sp': 8, 'feed_trigger_sp': 7.0, 'start_feed_trig_value': 50, 'start_trig_value': 30, 'feed_counter': 0, 'start_counter': 0, 'required_readings': 3, 'last_antifoam_edition': 0, 'antifoam_edition_rate': 1, 'start_feed': 'True', 'start_phase_1': 'True'}
2024-07-12 13:33:14 - INFO - test data: {'do': 16.0, 'ph': 7.11, 'temp': 35.936, 'feed_weight': 1512.3, 'lactose_weight': 1064.5, 'base_weight': 672.4, 'acid_weight': 672.4, 'time': 0.03570848769611783, 'date': '2024-07-12', 'time_of_day': '13:33:14', 'type': 'data'}
2024-07-12 13:33:16 - INFO - added data to sheets
2024-07-12 13:33:19 - INFO - Loaded control constants for 2_phase_do_trig_ph_feed_control: {'base_sp': 6.95, 'acid_sp': 8, 'feed_trigger_sp': 7.0, 'start_feed_trig_value': 50, 'start_trig_value': 30, 'feed_counter': 0, 'start_counter': 0, 'required_readings': 3, 'last_antifoam_edition': 0, 'antifoam_edition_rate': 1, 'start_feed': 'True', 'start_phase_1': 'True'}
2024-07-12 13:33:19 - INFO - test data: {'do': 16.5, 'ph': 7.11, 'temp': 35.936, 'feed_weight': 1512.3, 'lactose_weight': 1064.5, 'base_weight': 672.4, 'acid_weight': 672.4, 'time': 0.037128632134861415, 'date': '2024-07-12', 'time_of_day': '13:33:19', 'type': 'data'}
2024-07-12 13:33:21 - INFO - added data to sheets
2024-07-12 13:33:24 - INFO - Loaded control constants for 2_phase_do_trig_ph_feed_control: {'base_sp': 6.95, 'acid_sp': 8, 'feed_trigger_sp': 7.0, 'start_feed_trig_value': 50, 'start_trig_value': 30, 'feed_counter': 0, 'start_counter': 0, 'required_readings': 3, 'last_antifoam_edition': 0, 'antifoam_edition_rate': 1, 'start_feed': 'True', 'start_phase_1': 'True'}
2024-07-12 13:33:24 - INFO - test data: {'do': 17.0, 'ph': 7.03, 'temp': 35.936, 'feed_weight': 1512.3, 'lactose_weight': 1064.5, 'base_weight': 672.4, 'acid_weight': 672.4, 'time': 0.03851276304986742, 'date': '2024-07-12', 'time_of_day': '13:33:24', 'type': 'data'}
2024-07-12 13:33:26 - INFO - added data to sheets
2024-07-12 13:33:29 - INFO - Loaded control constants for 2_phase_do_trig_ph_feed_control: {'base_sp': 6.95, 'acid_sp': 8, 'feed_trigger_sp': 7.0, 'start_feed_trig_value': 50, 'start_trig_value': 30, 'feed_counter': 0, 'start_counter': 0, 'required_readings': 3, 'last_antifoam_edition': 0, 'antifoam_edition_rate': 1, 'start_feed': 'True', 'start_phase_1': 'True'}
2024-07-12 13:33:29 - INFO - test data: {'do': 17.5, 'ph': 7.03, 'temp': 35.936, 'feed_weight': 1512.3, 'lactose_weight': 1064.5, 'base_weight': 672.4, 'acid_weight': 672.4, 'time': 0.0399129894706938, 'date': '2024-07-12', 'time_of_day': '13:33:29', 'type': 'data'}
2024-07-12 13:33:31 - INFO - added data to sheets
2024-07-12 13:33:34 - INFO - Loaded control constants for 2_phase_do_trig_ph_feed_control: {'base_sp': 6.95, 'acid_sp': 8, 'feed_trigger_sp': 7.0, 'start_feed_trig_value': 50, 'start_trig_value': 30, 'feed_counter': 0, 'start_counter': 0, 'required_readings': 3, 'last_antifoam_edition': 0, 'antifoam_edition_rate': 1, 'start_feed': 'True', 'start_phase_1': 'True'}
2024-07-12 13:33:34 - INFO - test data: {'do': 17.0, 'ph': 7.1, 'temp': 35.936, 'feed_weight': 1512.3, 'lactose_weight': 1064.5, 'base_weight': 672.4, 'acid_weight': 672.4, 'time': 0.041249750455220544, 'date': '2024-07-12', 'time_of_day': '13:33:34', 'type': 'data'}
2024-07-12 13:33:36 - INFO - added data to sheets
2024-07-12 13:33:39 - INFO - Loaded control constants for 2_phase_do_trig_ph_feed_control: {'base_sp': 6.95, 'acid_sp': 8, 'feed_trigger_sp': 7.0, 'start_feed_trig_value': 50, 'start_trig_value': 30, 'feed_counter': 0, 'start_counter': 0, 'required_readings': 3, 'last_antifoam_edition': 0, 'antifoam_edition_rate': 1, 'start_feed': 'True', 'start_phase_1': 'True'}
2024-07-12 13:33:39 - INFO - test data: {'do': 18.5, 'ph': 7.15, 'temp': 35.936, 'feed_weight': 1512.3, 'lactose_weight': 1064.5, 'base_weight': 672.4, 'acid_weight': 672.4, 'time': 0.04265467471546597, 'date': '2024-07-12', 'time_of_day': '13:33:39', 'type': 'data'}
2024-07-12 13:33:41 - INFO - added data to sheets
2024-07-12 13:33:44 - INFO - Loaded control constants for 2_phase_do_trig_ph_feed_control: {'base_sp': 6.95, 'acid_sp': 8, 'feed_trigger_sp': 7.0, 'start_feed_trig_value': 50, 'start_trig_value': 30, 'feed_counter': 0, 'start_counter': 0, 'required_readings': 3, 'last_antifoam_edition': 0, 'antifoam_edition_rate': 1, 'start_feed': 'True', 'start_phase_1': 'True'}
2024-07-12 13:33:44 - INFO - test data: {'do': 19.0, 'ph': 7.2, 'temp': 35.936, 'feed_weight': 1512.3, 'lactose_weight': 1064.5, 'base_weight': 672.4, 'acid_weight': 672.4, 'time': 0.04403974334398905, 'date': '2024-07-12', 'time_of_day': '13:33:44', 'type': 'data'}
2024-07-12 13:33:46 - INFO - added data to sheets
2024-07-12 13:33:49 - INFO - Loaded control constants for 2_phase_do_trig_ph_feed_control: {'base_sp': 6.95, 'acid_sp': 8, 'feed_trigger_sp': 7.0, 'start_feed_trig_value': 50, 'start_trig_value': 30, 'feed_counter': 0, 'start_counter': 0, 'required_readings': 3, 'last_antifoam_edition': 0, 'antifoam_edition_rate': 1, 'start_feed': 'True', 'start_phase_1': 'True'}
2024-07-12 13:33:49 - INFO - test data: {'do': 20.5, 'ph': 7.25, 'temp': 35.936, 'feed_weight': 1512.3, 'lactose_weight': 1064.5, 'base_weight': 672.4, 'acid_weight': 672.4, 'time': 0.04541469368669722, 'date': '2024-07-12', 'time_of_day': '13:33:49', 'type': 'data'}
2024-07-12 13:33:52 - INFO - added data to sheets
2024-07-12 15:10:32 - INFO - Loaded control constants for 2_phase_do_trig_ph_feed_control: {'base_sp': 6.95, 'acid_sp': 8, 'feed_trigger_sp': 7.0, 'start_feed_trig_value': 50, 'start_trig_value': 30, 'feed_counter': 0, 'start_counter': 0, 'required_readings': 3, 'last_antifoam_edition': 0, 'antifoam_edition_rate': 1, 'start_feed': 'True', 'start_phase_1': 'True'}
2024-07-12 15:10:33 - INFO - Sending command: b'0pcu1\n'
2024-07-12 15:10:34 - INFO - Sending command: b'2pcu1\n'
2024-07-12 15:10:35 - INFO - Sending command: b'14pcu1\n'
2024-07-12 15:10:36 - INFO - Sending command: b'4pcu1\n'
2024-07-12 15:10:37 - INFO - Loaded control constants for 2_phase_do_trig_ph_feed_control: {'base_sp': 6.95, 'acid_sp': 8, 'feed_trigger_sp': 7.0, 'start_feed_trig_value': 50, 'start_trig_value': 30, 'feed_counter': 0, 'start_counter': 0, 'required_readings': 3, 'last_antifoam_edition': 0, 'antifoam_edition_rate': 1, 'start_feed': 'True', 'start_phase_1': 'True'}
2024-07-12 15:10:37 - INFO - test data: {'do': 100, 'ph': 7.7, 'temp': 35.936, 'feed_weight': 1512.3, 'lactose_weight': 1064.5, 'base_weight': 672.4, 'acid_weight': 672.4, 'time': 0, 'date': '2024-07-12', 'time_of_day': '15:10:37', 'type': 'data'}
2024-07-12 15:10:40 - INFO - added data to sheets
2024-07-12 15:11:30 - INFO - Loaded control constants for test_loop: {'base_sp': 7, 'acid_sp': 8, 'feed_trigger_ph': 7.02, 'ph_maintained_time': 0, 'do_upper_sp': 25, 'do_lower_sp': 21, 'ph_window': 10, 'start_feed': 'False', 'feed_media': 'Lactose', 'start_phase_1': 'True', 'start_counter': 3}
2024-07-12 15:11:30 - INFO - Sending command: b'0pcu1\n'
2024-07-12 15:11:31 - INFO - Sending command: b'4pcu1\n'
2024-07-12 15:11:32 - INFO - Sending command: b'2pcu1\n'
2024-07-12 15:11:33 - INFO - Sending command: b'10pcu1\n'
2024-07-12 15:11:34 - INFO - Sending command: b'12pcu1\n'
2024-07-12 15:11:35 - INFO - Sending command: b'14pcu1\n'
2024-07-12 15:11:36 - INFO - Loaded control constants for test_loop: {'base_sp': 7, 'acid_sp': 8, 'feed_trigger_ph': 7.02, 'ph_maintained_time': 0, 'do_upper_sp': 25, 'do_lower_sp': 21, 'ph_window': 10, 'start_feed': 'False', 'feed_media': 'Lactose', 'start_phase_1': 'True', 'start_counter': 3}
2024-07-12 15:19:14 - INFO - Loaded control constants for test_loop: {'base_sp': 7, 'acid_sp': 8, 'feed_trigger_ph': 7.02, 'ph_maintained_time': 0, 'do_upper_sp': 25, 'do_lower_sp': 21, 'ph_window': 10, 'start_feed': 'False', 'feed_media': 'Lactose', 'start_phase_1': 'True', 'start_counter': 3}
2024-07-12 15:19:14 - INFO - Sending command: b'0pcu1\n'
2024-07-12 15:19:15 - INFO - Sending command: b'4pcu1\n'
2024-07-12 15:19:16 - INFO - Sending command: b'2pcu1\n'
2024-07-12 15:19:17 - INFO - Sending command: b'10pcu1\n'
2024-07-12 15:19:18 - INFO - Sending command: b'12pcu1\n'
2024-07-12 15:19:19 - INFO - Sending command: b'14pcu1\n'
2024-07-12 15:19:20 - INFO - Loaded control constants for test_loop: {'base_sp': 7, 'acid_sp': 8, 'feed_trigger_ph': 7.02, 'ph_maintained_time': 0, 'do_upper_sp': 25, 'do_lower_sp': 21, 'ph_window': 10, 'start_feed': 'False', 'feed_media': 'Lactose', 'start_phase_1': 'True', 'start_counter': 3}
2024-07-12 15:19:25 - INFO - added data to sheets
2024-07-12 15:19:28 - INFO - Loaded control constants for test_loop: {'base_sp': 7, 'acid_sp': 8, 'feed_trigger_ph': 7.02, 'ph_maintained_time': 0, 'do_upper_sp': 25, 'do_lower_sp': 21, 'ph_window': 10, 'start_feed': 'False', 'feed_media': 'Lactose', 'start_phase_1': 'True', 'start_counter': 3}
2024-07-12 15:19:31 - INFO - added data to sheets
2024-07-12 15:19:34 - INFO - Loaded control constants for test_loop: {'base_sp': 7, 'acid_sp': 8, 'feed_trigger_ph': 7.02, 'ph_maintained_time': 0, 'do_upper_sp': 25, 'do_lower_sp': 21, 'ph_window': 10, 'start_feed': 'False', 'feed_media': 'Lactose', 'start_phase_1': 'True', 'start_counter': 3}
2024-07-12 15:19:36 - INFO - added data to sheets
2024-07-12 15:24:29 - INFO - Loaded control constants for test_loop: {'base_sp': 7, 'acid_sp': 8, 'feed_trigger_ph': 7.02, 'ph_maintained_time': 0, 'do_upper_sp': 25, 'do_lower_sp': 21, 'ph_window': 10, 'start_feed': 'False', 'feed_media': 'Lactose', 'start_phase_1': 'True', 'start_counter': 3}
2024-07-12 15:24:29 - INFO - Sending command: b'0pcu1\n'
2024-07-12 15:24:30 - INFO - Sending command: b'4pcu1\n'
2024-07-12 15:24:31 - INFO - Sending command: b'2pcu1\n'
2024-07-12 15:24:32 - INFO - Sending command: b'10pcu1\n'
2024-07-12 15:24:33 - INFO - Sending command: b'12pcu1\n'
2024-07-12 15:24:34 - INFO - Sending command: b'14pcu1\n'
2024-07-12 15:24:35 - INFO - Loaded control constants for test_loop: {'base_sp': 7, 'acid_sp': 8, 'feed_trigger_ph': 7.02, 'ph_maintained_time': 0, 'do_upper_sp': 25, 'do_lower_sp': 21, 'ph_window': 10, 'start_feed': 'False', 'feed_media': 'Lactose', 'start_phase_1': 'True', 'start_counter': 3}
2024-07-12 15:24:38 - INFO - added data to sheets
2024-07-12 15:24:41 - INFO - Loaded control constants for test_loop: {'base_sp': 7, 'acid_sp': 8, 'feed_trigger_ph': 7.02, 'ph_maintained_time': 0, 'do_upper_sp': 25, 'do_lower_sp': 21, 'ph_window': 10, 'start_feed': 'False', 'feed_media': 'Lactose', 'start_phase_1': 'True', 'start_counter': 3}
2024-07-12 15:24:44 - INFO - added data to sheets
2024-07-12 15:24:47 - INFO - Loaded control constants for test_loop: {'base_sp': 7, 'acid_sp': 8, 'feed_trigger_ph': 7.02, 'ph_maintained_time': 0, 'do_upper_sp': 25, 'do_lower_sp': 21, 'ph_window': 10, 'start_feed': 'False', 'feed_media': 'Lactose', 'start_phase_1': 'True', 'start_counter': 3}
2024-07-12 15:24:50 - INFO - added data to sheets
2024-07-12 15:24:53 - INFO - Loaded control constants for test_loop: {'base_sp': 7, 'acid_sp': 8, 'feed_trigger_ph': 7.02, 'ph_maintained_time': 0, 'do_upper_sp': 25, 'do_lower_sp': 21, 'ph_window': 10, 'start_feed': 'False', 'feed_media': 'Lactose', 'start_phase_1': 'True', 'start_counter': 3}
2024-07-12 15:24:55 - INFO - added data to sheets
2024-07-12 15:24:58 - INFO - Loaded control constants for test_loop: {'base_sp': 7, 'acid_sp': 8, 'feed_trigger_ph': 7.02, 'ph_maintained_time': 0, 'do_upper_sp': 25, 'do_lower_sp': 21, 'ph_window': 10, 'start_feed': 'False', 'feed_media': 'Lactose', 'start_phase_1': 'True', 'start_counter': 3}
2024-07-12 15:25:01 - INFO - added data to sheets
2024-07-12 15:25:04 - INFO - Loaded control constants for test_loop: {'base_sp': 7, 'acid_sp': 8, 'feed_trigger_ph': 7.02, 'ph_maintained_time': 0, 'do_upper_sp': 25, 'do_lower_sp': 21, 'ph_window': 10, 'start_feed': 'False', 'feed_media': 'Lactose', 'start_phase_1': 'True', 'start_counter': 3}
2024-07-12 15:25:06 - INFO - added data to sheets
2024-07-12 15:25:09 - INFO - Loaded control constants for test_loop: {'base_sp': 7, 'acid_sp': 8, 'feed_trigger_ph': 7.02, 'ph_maintained_time': 0, 'do_upper_sp': 25, 'do_lower_sp': 21, 'ph_window': 10, 'start_feed': 'False', 'feed_media': 'Lactose', 'start_phase_1': 'True', 'start_counter': 3}
2024-07-12 15:25:12 - INFO - added data to sheets
2024-07-12 15:25:15 - INFO - Loaded control constants for test_loop: {'base_sp': 7, 'acid_sp': 8, 'feed_trigger_ph': 7.02, 'ph_maintained_time': 0, 'do_upper_sp': 25, 'do_lower_sp': 21, 'ph_window': 10, 'start_feed': 'False', 'feed_media': 'Lactose', 'start_phase_1': 'True', 'start_counter': 3}
2024-07-12 15:25:17 - INFO - added data to sheets
2024-07-12 15:25:20 - INFO - Loaded control constants for test_loop: {'base_sp': 7, 'acid_sp': 8, 'feed_trigger_ph': 7.02, 'ph_maintained_time': 0, 'do_upper_sp': 25, 'do_lower_sp': 21, 'ph_window': 10, 'start_feed': 'False', 'feed_media': 'Lactose', 'start_phase_1': 'True', 'start_counter': 3}
2024-07-12 15:25:23 - INFO - added data to sheets
2024-07-12 15:25:26 - INFO - Loaded control constants for test_loop: {'base_sp': 7, 'acid_sp': 8, 'feed_trigger_ph': 7.02, 'ph_maintained_time': 0, 'do_upper_sp': 25, 'do_lower_sp': 21, 'ph_window': 10, 'start_feed': 'False', 'feed_media': 'Lactose', 'start_phase_1': 'True', 'start_counter': 3}
2024-07-12 15:25:29 - INFO - added data to sheets
2024-07-12 15:25:32 - INFO - Loaded control constants for test_loop: {'base_sp': 7, 'acid_sp': 8, 'feed_trigger_ph': 7.02, 'ph_maintained_time': 0, 'do_upper_sp': 25, 'do_lower_sp': 21, 'ph_window': 10, 'start_feed': 'False', 'feed_media': 'Lactose', 'start_phase_1': 'True', 'start_counter': 3}
2024-07-12 15:25:34 - INFO - added data to sheets
2024-07-12 15:25:37 - INFO - Loaded control constants for test_loop: {'base_sp': 7, 'acid_sp': 8, 'feed_trigger_ph': 7.02, 'ph_maintained_time': 0, 'do_upper_sp': 25, 'do_lower_sp': 21, 'ph_window': 10, 'start_feed': 'False', 'feed_media': 'Lactose', 'start_phase_1': 'True', 'start_counter': 3}
2024-07-12 15:25:40 - INFO - added data to sheets
2024-07-12 15:25:43 - INFO - Loaded control constants for test_loop: {'base_sp': 7, 'acid_sp': 8, 'feed_trigger_ph': 7.02, 'ph_maintained_time': 0, 'do_upper_sp': 25, 'do_lower_sp': 21, 'ph_window': 10, 'start_feed': 'False', 'feed_media': 'Lactose', 'start_phase_1': 'True', 'start_counter': 3}
2024-07-12 15:25:45 - INFO - added data to sheets
2024-07-12 15:25:48 - INFO - Loaded control constants for test_loop: {'base_sp': 7, 'acid_sp': 8, 'feed_trigger_ph': 7.02, 'ph_maintained_time': 0, 'do_upper_sp': 25, 'do_lower_sp': 21, 'ph_window': 10, 'start_feed': 'False', 'feed_media': 'Lactose', 'start_phase_1': 'True', 'start_counter': 3}
2024-07-12 15:25:50 - INFO - added data to sheets
2024-07-12 15:25:53 - INFO - Loaded control constants for test_loop: {'base_sp': 7, 'acid_sp': 8, 'feed_trigger_ph': 7.02, 'ph_maintained_time': 0, 'do_upper_sp': 25, 'do_lower_sp': 21, 'ph_window': 10, 'start_feed': 'False', 'feed_media': 'Lactose', 'start_phase_1': 'True', 'start_counter': 3}
2024-07-12 15:25:56 - INFO - added data to sheets
2024-07-12 15:25:59 - INFO - Loaded control constants for test_loop: {'base_sp': 7, 'acid_sp': 8, 'feed_trigger_ph': 7.02, 'ph_maintained_time': 0, 'do_upper_sp': 25, 'do_lower_sp': 21, 'ph_window': 10, 'start_feed': 'False', 'feed_media': 'Lactose', 'start_phase_1': 'True', 'start_counter': 3}
2024-07-12 15:27:54 - INFO - Loaded control constants for test_loop: {'base_sp': 7, 'acid_sp': 8, 'feed_trigger_ph': 7.02, 'ph_maintained_time': 0, 'do_upper_sp': 25, 'do_lower_sp': 21, 'ph_window': 10, 'start_feed': 'False', 'feed_media': 'Lactose', 'start_phase_1': 'True', 'start_counter': 3}
2024-07-12 15:27:54 - INFO - Sending command: b'0pcu1\n'
2024-07-12 15:27:55 - INFO - Sending command: b'4pcu1\n'
2024-07-12 15:27:56 - INFO - Sending command: b'2pcu1\n'
2024-07-12 15:27:57 - INFO - Sending command: b'10pcu1\n'
2024-07-12 15:27:58 - INFO - Sending command: b'12pcu1\n'
2024-07-12 15:27:59 - INFO - Sending command: b'14pcu1\n'
2024-07-12 15:28:00 - INFO - Loaded control constants for test_loop: {'base_sp': 7, 'acid_sp': 8, 'feed_trigger_ph': 7.02, 'ph_maintained_time': 0, 'do_upper_sp': 25, 'do_lower_sp': 21, 'ph_window': 10, 'start_feed': 'False', 'feed_media': 'Lactose', 'start_phase_1': 'True', 'start_counter': 3}
2024-07-12 15:28:03 - INFO - added data to sheets
2024-07-12 15:28:06 - INFO - Loaded control constants for test_loop: {'base_sp': 7, 'acid_sp': 8, 'feed_trigger_ph': 7.02, 'ph_maintained_time': 0, 'do_upper_sp': 25, 'do_lower_sp': 21, 'ph_window': 10, 'start_feed': 'False', 'feed_media': 'Lactose', 'start_phase_1': 'True', 'start_counter': 3}
2024-07-12 15:28:09 - INFO - added data to sheets
2024-07-12 15:28:12 - INFO - Loaded control constants for test_loop: {'base_sp': 7, 'acid_sp': 8, 'feed_trigger_ph': 7.02, 'ph_maintained_time': 0, 'do_upper_sp': 25, 'do_lower_sp': 21, 'ph_window': 10, 'start_feed': 'False', 'feed_media': 'Lactose', 'start_phase_1': 'True', 'start_counter': 3}
2024-07-12 15:28:14 - INFO - added data to sheets
2024-07-12 15:28:17 - INFO - Loaded control constants for test_loop: {'base_sp': 7, 'acid_sp': 8, 'feed_trigger_ph': 7.02, 'ph_maintained_time': 0, 'do_upper_sp': 25, 'do_lower_sp': 21, 'ph_window': 10, 'start_feed': 'False', 'feed_media': 'Lactose', 'start_phase_1': 'True', 'start_counter': 3}
2024-07-12 15:32:28 - INFO - Loaded control constants for test_loop: {'base_sp': 7, 'acid_sp': 8, 'feed_trigger_ph': 7.02, 'ph_maintained_time': 0, 'do_upper_sp': 25, 'do_lower_sp': 21, 'ph_window': 10, 'start_feed': 'False', 'feed_media': 'Lactose', 'start_phase_1': 'True', 'start_counter': 3}
2024-07-12 15:32:28 - INFO - Sending command: b'0pcu1\n'
2024-07-12 15:32:29 - INFO - Sending command: b'4pcu1\n'
2024-07-12 15:32:30 - INFO - Sending command: b'2pcu1\n'
2024-07-12 15:32:31 - INFO - Sending command: b'10pcu1\n'
2024-07-12 15:32:32 - INFO - Sending command: b'12pcu1\n'
2024-07-12 15:32:33 - INFO - Sending command: b'14pcu1\n'
2024-07-12 15:32:34 - INFO - Loaded control constants for test_loop: {'base_sp': 7, 'acid_sp': 8, 'feed_trigger_ph': 7.02, 'ph_maintained_time': 0, 'do_upper_sp': 25, 'do_lower_sp': 21, 'ph_window': 10, 'start_feed': 'False', 'feed_media': 'Lactose', 'start_phase_1': 'True', 'start_counter': 3}
2024-07-12 15:32:38 - INFO - added data to sheets
2024-07-12 15:32:41 - INFO - Loaded control constants for test_loop: {'base_sp': 7, 'acid_sp': 8, 'feed_trigger_ph': 7.02, 'ph_maintained_time': 0, 'do_upper_sp': 25, 'do_lower_sp': 21, 'ph_window': 10, 'start_feed': 'False', 'feed_media': 'Lactose', 'start_phase_1': 'True', 'start_counter': 3}
2024-07-12 15:32:44 - INFO - added data to sheets
