2024-06-27 15:28:54 - INFO - sent arduino: b'0'
2024-06-27 15:28:55 - INFO - sent arduino: b'2'
2024-06-27 15:28:56 - INFO - sent arduino: b'14'
2024-06-27 15:28:57 - INFO - sent arduino: b'4'
2024-06-27 16:38:08 - INFO - sent arduino: b'0'
2024-06-27 16:38:09 - INFO - sent arduino: b'4'
2024-06-27 16:38:10 - INFO - sent arduino: b'2'
2024-06-27 16:38:11 - INFO - sent arduino: b'10'
2024-06-27 16:38:12 - INFO - sent arduino: b'12'
2024-06-27 16:38:13 - INFO - sent arduino: b'14'
2024-06-27 16:38:14 - INFO - sent arduino: b'0'
2024-06-27 16:38:15 - INFO - sent arduino: b'4'
2024-06-27 16:38:16 - INFO - sent arduino: b'2'
2024-06-27 16:38:17 - INFO - sent arduino: b'10'
2024-06-27 16:38:18 - INFO - sent arduino: b'12'
2024-06-27 16:38:19 - INFO - sent arduino: b'14'
2024-06-27 16:38:41 - INFO - sent arduino: b'0'
2024-06-27 16:38:42 - INFO - sent arduino: b'4'
2024-06-27 16:38:43 - INFO - sent arduino: b'2'
2024-06-27 16:38:44 - INFO - sent arduino: b'10'
2024-06-27 16:38:45 - INFO - sent arduino: b'12'
2024-06-27 16:38:46 - INFO - sent arduino: b'14'
2024-06-27 16:38:47 - INFO - sent arduino: b'0'
2024-06-27 16:38:48 - INFO - sent arduino: b'4'
2024-06-27 16:38:49 - INFO - sent arduino: b'2'
2024-06-27 16:38:50 - INFO - sent arduino: b'10'
2024-06-27 16:38:51 - INFO - sent arduino: b'12'
2024-06-27 16:38:52 - INFO - sent arduino: b'14'
2024-06-27 16:39:41 - INFO - sent arduino: b'0'
2024-06-27 16:39:42 - INFO - sent arduino: b'4'
2024-06-27 16:39:43 - INFO - sent arduino: b'2'
2024-06-27 16:39:44 - INFO - sent arduino: b'10'
2024-06-27 16:39:45 - INFO - sent arduino: b'12'
2024-06-27 16:39:46 - INFO - sent arduino: b'14'
2024-06-27 16:39:47 - INFO - sent arduino: b'0'
2024-06-27 16:39:48 - INFO - sent arduino: b'4'
2024-06-27 16:39:49 - INFO - sent arduino: b'2'
2024-06-27 16:39:50 - INFO - sent arduino: b'10'
2024-06-27 16:39:51 - INFO - sent arduino: b'12'
2024-06-27 16:39:52 - INFO - sent arduino: b'14'
2024-06-27 16:56:24 - INFO - sent arduino: b'0'
2024-06-27 16:56:25 - INFO - sent arduino: b'4'
2024-06-27 16:56:26 - INFO - sent arduino: b'2'
2024-06-27 16:56:27 - INFO - sent arduino: b'10'
2024-06-27 16:56:28 - INFO - sent arduino: b'12'
2024-06-27 16:56:29 - INFO - sent arduino: b'14'
2024-06-27 16:56:30 - INFO - sent arduino: b'0'
2024-06-27 16:56:31 - INFO - sent arduino: b'4'
2024-06-27 16:56:32 - INFO - sent arduino: b'2'
2024-06-27 16:56:33 - INFO - sent arduino: b'10'
2024-06-27 16:56:34 - INFO - sent arduino: b'12'
2024-06-27 16:56:35 - INFO - sent arduino: b'14'
2024-06-27 16:56:37 - INFO - sent arduino: b'0'
2024-06-27 16:56:38 - INFO - sent arduino: b'4'
2024-06-27 16:56:39 - INFO - sent arduino: b'2'
2024-06-27 16:56:40 - INFO - sent arduino: b'10'
2024-06-27 16:56:41 - INFO - sent arduino: b'12'
2024-06-27 16:56:42 - INFO - sent arduino: b'14'
2024-06-27 16:56:43 - INFO - sent arduino: b'0'
2024-06-27 16:56:44 - INFO - sent arduino: b'4'
2024-06-27 16:56:45 - INFO - sent arduino: b'2'
2024-06-27 16:56:46 - INFO - sent arduino: b'10'
2024-06-27 16:56:47 - INFO - sent arduino: b'12'
2024-06-27 16:56:48 - INFO - sent arduino: b'14'
2024-06-27 16:56:49 - INFO - sent arduino: b'0'
2024-06-27 16:56:50 - INFO - sent arduino: b'4'
2024-06-27 16:56:51 - INFO - sent arduino: b'2'
2024-06-27 16:56:52 - INFO - sent arduino: b'10'
2024-06-27 16:56:53 - INFO - sent arduino: b'12'
2024-06-27 16:56:54 - INFO - sent arduino: b'14'
2024-06-27 16:57:09 - INFO - sent arduino: b'0'
2024-06-27 16:57:10 - INFO - sent arduino: b'4'
2024-06-27 16:57:11 - INFO - sent arduino: b'2'
2024-06-27 16:57:12 - INFO - sent arduino: b'10'
2024-06-27 16:57:13 - INFO - sent arduino: b'12'
2024-06-27 16:57:14 - INFO - sent arduino: b'14'
2024-06-27 16:57:15 - INFO - sent arduino: b'0'
2024-06-27 16:57:16 - INFO - sent arduino: b'4'
2024-06-27 16:57:17 - INFO - sent arduino: b'2'
2024-06-27 16:57:18 - INFO - sent arduino: b'10'
2024-06-27 16:57:19 - INFO - sent arduino: b'12'
2024-06-27 16:57:20 - INFO - sent arduino: b'14'
2024-06-27 16:57:21 - INFO - Phase 1 activated by do above 8.0 for 1 readings.
2024-06-27 16:57:21 - INFO - sent arduino: b'0'
2024-06-27 16:57:22 - INFO - sent arduino: b'4'
2024-06-27 16:57:23 - INFO - sent arduino: b'2'
2024-06-27 16:57:24 - INFO - sent arduino: b'10'
2024-06-27 16:57:25 - INFO - sent arduino: b'12'
2024-06-27 16:57:26 - INFO - sent arduino: b'14'
2024-06-27 16:57:27 - INFO - sent arduino: b'0'
2024-06-27 16:57:28 - INFO - sent arduino: b'4'
2024-06-27 16:57:29 - INFO - sent arduino: b'2'
2024-06-27 16:57:30 - INFO - sent arduino: b'10'
2024-06-27 16:57:31 - INFO - sent arduino: b'12'
2024-06-27 16:57:32 - INFO - sent arduino: b'14'
2024-06-27 16:57:34 - INFO - Phase 1 activated by do below 6.0 for 3 readings.
2024-06-27 16:57:34 - INFO - sent arduino: b'0'
2024-06-27 16:57:35 - INFO - sent arduino: b'4'
2024-06-27 16:57:36 - INFO - sent arduino: b'2'
2024-06-27 16:57:37 - INFO - sent arduino: b'10'
2024-06-27 16:57:38 - INFO - sent arduino: b'12'
2024-06-27 16:57:39 - INFO - sent arduino: b'14'
2024-06-27 17:01:57 - INFO - sent arduino: b'0'
2024-06-27 17:01:58 - INFO - sent arduino: b'4'
2024-06-27 17:01:59 - INFO - sent arduino: b'2'
2024-06-27 17:02:00 - INFO - sent arduino: b'10'
2024-06-27 17:02:01 - INFO - sent arduino: b'12'
2024-06-27 17:02:02 - INFO - sent arduino: b'14'
2024-06-27 17:02:03 - INFO - sent arduino: b'0'
2024-06-27 17:02:04 - INFO - sent arduino: b'4'
2024-06-27 17:02:05 - INFO - sent arduino: b'2'
2024-06-27 17:02:06 - INFO - sent arduino: b'10'
2024-06-27 17:02:07 - INFO - sent arduino: b'12'
2024-06-27 17:02:08 - INFO - sent arduino: b'14'
2024-06-27 17:02:09 - INFO - Phase 1 activated by do above 8.0 for 1 readings.
2024-06-27 17:02:09 - INFO - sent arduino: b'0'
2024-06-27 17:02:10 - INFO - sent arduino: b'4'
2024-06-27 17:02:11 - INFO - sent arduino: b'2'
2024-06-27 17:02:12 - INFO - sent arduino: b'10'
2024-06-27 17:02:13 - INFO - sent arduino: b'12'
2024-06-27 17:02:14 - INFO - sent arduino: b'14'
2024-06-27 17:02:15 - INFO - sent arduino: b'0'
2024-06-27 17:02:16 - INFO - sent arduino: b'4'
2024-06-27 17:02:17 - INFO - sent arduino: b'2'
2024-06-27 17:02:18 - INFO - sent arduino: b'10'
2024-06-27 17:02:19 - INFO - sent arduino: b'12'
2024-06-27 17:02:20 - INFO - sent arduino: b'14'
2024-06-27 17:02:21 - INFO - Phase 1 activated by do below 6.0 for 3 readings.
2024-06-27 17:02:21 - INFO - sent arduino: b'0'
2024-06-27 17:02:22 - INFO - sent arduino: b'4'
2024-06-27 17:02:23 - INFO - sent arduino: b'2'
2024-06-27 17:02:24 - INFO - sent arduino: b'10'
2024-06-27 17:02:25 - INFO - sent arduino: b'12'
2024-06-27 17:02:26 - INFO - sent arduino: b'14'
2024-06-27 17:05:59 - INFO - sent arduino: b'0'
2024-06-27 17:06:00 - INFO - sent arduino: b'4'
2024-06-27 17:06:01 - INFO - sent arduino: b'2'
2024-06-27 17:06:02 - INFO - sent arduino: b'10'
2024-06-27 17:06:03 - INFO - sent arduino: b'12'
2024-06-27 17:06:04 - INFO - sent arduino: b'14'
2024-06-27 17:06:05 - INFO - Updated (('start_phase_1', 'True'), {}) in controller test_loop of loop fermentation_loop
2024-06-27 17:06:05 - INFO - Loaded control constants for test_loop: {'base_sp': 7, 'acid_sp': 8, 'feed_trigger_sp': 7.02, 'start_feed_trig_value': 7.02, 'required_readings': 3, 'feed_counter': 0, 'start_feed': 'False', 'test_data': '3_phase_control_test_data', 'csv_name': 'test_sheet'}
2024-06-27 17:06:05 - INFO - Phase 1 activated by do above 8.0 for 1 readings.
2024-06-27 17:06:05 - INFO - Updated (('start_counter', 1), {}) in controller test_loop of loop fermentation_loop
2024-06-27 17:06:05 - INFO - Loaded control constants for test_loop: {'base_sp': 7, 'acid_sp': 8, 'feed_trigger_sp': 7.02, 'start_feed_trig_value': 7.02, 'required_readings': 3, 'feed_counter': 0, 'start_feed': 'False', 'test_data': '3_phase_control_test_data', 'csv_name': 'test_sheet'}
2024-06-27 17:07:57 - INFO - sent arduino: b'0'
2024-06-27 17:07:58 - INFO - sent arduino: b'4'
2024-06-27 17:07:59 - INFO - sent arduino: b'2'
2024-06-27 17:08:00 - INFO - sent arduino: b'10'
2024-06-27 17:08:01 - INFO - sent arduino: b'12'
2024-06-27 17:08:02 - INFO - sent arduino: b'14'
2024-06-27 17:08:03 - INFO - Updated (('start_counter', 0), {}) in controller test_loop of loop fermentation_loop
2024-06-27 17:08:03 - INFO - Loaded control constants for test_loop: {'base_sp': 7, 'acid_sp': 8, 'feed_trigger_sp': 7.02, 'start_feed_trig_value': 7.02, 'required_readings': 3, 'feed_counter': 0, 'start_feed': 'False', 'test_data': '3_phase_control_test_data', 'csv_name': 'test_sheet'}
2024-06-27 17:08:26 - INFO - sent arduino: b'0'
2024-06-27 17:08:27 - INFO - sent arduino: b'4'
2024-06-27 17:08:28 - INFO - sent arduino: b'2'
2024-06-27 17:08:29 - INFO - sent arduino: b'10'
2024-06-27 17:08:30 - INFO - sent arduino: b'12'
2024-06-27 17:08:31 - INFO - sent arduino: b'14'
2024-06-27 17:08:32 - INFO - Updated (('start_phase_1', 'True'), {}) in controller test_loop of loop fermentation_loop
2024-06-27 17:08:32 - INFO - Loaded control constants for test_loop: {'base_sp': 7, 'acid_sp': 8, 'feed_trigger_sp': 7.02, 'start_feed_trig_value': 7.02, 'required_readings': 3, 'feed_counter': 0, 'start_feed': 'False', 'test_data': '3_phase_control_test_data', 'csv_name': 'test_sheet'}
2024-06-27 17:08:32 - INFO - Phase 1 activated by do below 6.0 for 3 readings.
2024-06-27 17:08:32 - INFO - Updated (('start_counter', 3), {}) in controller test_loop of loop fermentation_loop
2024-06-27 17:08:32 - INFO - Loaded control constants for test_loop: {'base_sp': 7, 'acid_sp': 8, 'feed_trigger_sp': 7.02, 'start_feed_trig_value': 7.02, 'required_readings': 3, 'feed_counter': 0, 'start_feed': 'False', 'test_data': '3_phase_control_test_data', 'csv_name': 'test_sheet'}
2024-06-27 17:13:10 - INFO - sent arduino: b'0'
2024-06-27 17:13:11 - INFO - sent arduino: b'4'
2024-06-27 17:13:12 - INFO - sent arduino: b'2'
2024-06-27 17:13:13 - INFO - sent arduino: b'10'
2024-06-27 17:13:14 - INFO - sent arduino: b'12'
2024-06-27 17:13:15 - INFO - sent arduino: b'14'
2024-06-27 17:13:16 - INFO - sent arduino: b'0'
2024-06-27 17:13:17 - INFO - sent arduino: b'4'
2024-06-27 17:13:18 - INFO - sent arduino: b'2'
2024-06-27 17:13:19 - INFO - sent arduino: b'10'
2024-06-27 17:13:20 - INFO - sent arduino: b'12'
2024-06-27 17:13:21 - INFO - sent arduino: b'14'
2024-06-27 17:13:22 - INFO - Phase 1 activated by do above 8.0 for 1 readings.
2024-06-27 17:13:22 - INFO - sent arduino: b'0'
2024-06-27 17:13:23 - INFO - sent arduino: b'4'
2024-06-27 17:13:24 - INFO - sent arduino: b'2'
2024-06-27 17:13:25 - INFO - sent arduino: b'10'
2024-06-27 17:13:26 - INFO - sent arduino: b'12'
2024-06-27 17:13:27 - INFO - sent arduino: b'14'
2024-06-27 17:13:28 - INFO - sent arduino: b'0'
2024-06-27 17:13:29 - INFO - sent arduino: b'4'
2024-06-27 17:13:30 - INFO - sent arduino: b'2'
2024-06-27 17:13:31 - INFO - sent arduino: b'10'
2024-06-27 17:13:32 - INFO - sent arduino: b'12'
2024-06-27 17:13:33 - INFO - sent arduino: b'14'
2024-06-27 17:13:34 - INFO - Phase 1 activated by do below 6.0 for 3 readings.
2024-06-27 17:13:34 - INFO - sent arduino: b'0'
2024-06-27 17:13:35 - INFO - sent arduino: b'4'
2024-06-27 17:13:36 - INFO - sent arduino: b'2'
2024-06-27 17:13:37 - INFO - sent arduino: b'10'
2024-06-27 17:13:38 - INFO - sent arduino: b'12'
2024-06-27 17:13:39 - INFO - sent arduino: b'14'
2024-06-27 17:14:37 - INFO - sent arduino: b'0'
2024-06-27 17:14:38 - INFO - sent arduino: b'4'
2024-06-27 17:14:39 - INFO - sent arduino: b'2'
2024-06-27 17:14:40 - INFO - sent arduino: b'10'
2024-06-27 17:14:41 - INFO - sent arduino: b'12'
2024-06-27 17:14:42 - INFO - sent arduino: b'14'
2024-06-27 17:14:43 - INFO - sent arduino: b'0'
2024-06-27 17:14:44 - INFO - sent arduino: b'4'
2024-06-27 17:14:45 - INFO - sent arduino: b'2'
2024-06-27 17:14:46 - INFO - sent arduino: b'10'
2024-06-27 17:14:47 - INFO - sent arduino: b'12'
2024-06-27 17:14:48 - INFO - sent arduino: b'14'
2024-06-27 17:14:49 - INFO - Phase 1 activated by do above 8.0 for 1 readings.
2024-06-27 17:14:49 - INFO - sent arduino: b'0'
2024-06-27 17:14:50 - INFO - sent arduino: b'4'
2024-06-27 17:14:51 - INFO - sent arduino: b'2'
2024-06-27 17:14:52 - INFO - sent arduino: b'10'
2024-06-27 17:14:53 - INFO - sent arduino: b'12'
2024-06-27 17:14:54 - INFO - sent arduino: b'14'
2024-06-27 17:14:56 - INFO - sent arduino: b'0'
2024-06-27 17:14:57 - INFO - sent arduino: b'4'
2024-06-27 17:14:58 - INFO - sent arduino: b'2'
2024-06-27 17:14:59 - INFO - sent arduino: b'10'
2024-06-27 17:15:00 - INFO - sent arduino: b'12'
2024-06-27 17:15:01 - INFO - sent arduino: b'14'
2024-06-27 17:15:02 - INFO - Phase 1 activated by do below 6.0 for 3 readings.
2024-06-27 17:15:02 - INFO - sent arduino: b'0'
2024-06-27 17:15:03 - INFO - sent arduino: b'4'
2024-06-27 17:15:04 - INFO - sent arduino: b'2'
2024-06-27 17:15:05 - INFO - sent arduino: b'10'
2024-06-27 17:15:06 - INFO - sent arduino: b'12'
2024-06-27 17:15:07 - INFO - sent arduino: b'14'
2024-06-27 17:15:27 - INFO - sent arduino: b'0'
2024-06-27 17:15:28 - INFO - sent arduino: b'4'
2024-06-27 17:15:29 - INFO - sent arduino: b'2'
2024-06-27 17:15:30 - INFO - sent arduino: b'10'
2024-06-27 17:15:31 - INFO - sent arduino: b'12'
2024-06-27 17:15:32 - INFO - sent arduino: b'14'
2024-06-27 17:15:33 - INFO - sent arduino: b'0'
2024-06-27 17:15:34 - INFO - sent arduino: b'4'
2024-06-27 17:15:35 - INFO - sent arduino: b'2'
2024-06-27 17:15:36 - INFO - sent arduino: b'10'
2024-06-27 17:15:37 - INFO - sent arduino: b'12'
2024-06-27 17:15:38 - INFO - sent arduino: b'14'
2024-06-27 17:15:39 - INFO - Phase 1 activated by do above 8.0 for 1 readings.
2024-06-27 17:15:39 - INFO - sent arduino: b'0'
2024-06-27 17:15:40 - INFO - sent arduino: b'4'
2024-06-27 17:15:41 - INFO - sent arduino: b'2'
2024-06-27 17:15:42 - INFO - sent arduino: b'10'
2024-06-27 17:15:43 - INFO - sent arduino: b'12'
2024-06-27 17:15:44 - INFO - sent arduino: b'14'
2024-06-27 17:15:45 - INFO - sent arduino: b'0'
2024-06-27 17:15:46 - INFO - sent arduino: b'4'
2024-06-27 17:15:47 - INFO - sent arduino: b'2'
2024-06-27 17:15:48 - INFO - sent arduino: b'10'
2024-06-27 17:15:49 - INFO - sent arduino: b'12'
2024-06-27 17:15:50 - INFO - sent arduino: b'14'
2024-06-27 17:15:51 - INFO - Phase 1 activated by do below 6.0 for 3 readings.
2024-06-27 17:15:51 - INFO - sent arduino: b'0'
2024-06-27 17:15:52 - INFO - sent arduino: b'4'
2024-06-27 17:15:53 - INFO - sent arduino: b'2'
2024-06-27 17:15:54 - INFO - sent arduino: b'10'
2024-06-27 17:15:55 - INFO - sent arduino: b'12'
2024-06-27 17:15:56 - INFO - sent arduino: b'14'
